

Microchip MPLAB XC8 Assembler V2.32 build 20210201212658 
                                                                                               Wed Feb 02 01:44:16 2022

Microchip MPLAB XC8 C Compiler v2.32 (Free license) build 20210201212658 Og1 
     1                           	processor	16F877A
     2                           	pagewidth 120
     3                           	opt	flic
     4                           	psect	cinit,global,class=CODE,merge=1,delta=2
     5                           	psect	bssCOMMON,global,class=COMMON,space=1,delta=1,noexec
     6                           	psect	cstackCOMMON,global,class=COMMON,space=1,delta=1,noexec
     7                           	psect	maintext,global,class=CODE,split=1,delta=2
     8                           	psect	text1,local,class=CODE,merge=1,delta=2
     9                           	psect	intentry,global,class=CODE,delta=2
    10                           	psect	config,global,abs,ovrld,class=CONFIG,space=4,delta=2,noexec
    11                           	dabs	1,0x7E,2
    12  0000                     
    13                           ; Version 2.20
    14                           ; Generated 12/02/2020 GMT
    15                           ; 
    16                           ; Copyright © 2020, Microchip Technology Inc. and its subsidiaries ("Microchip")
    17                           ; All rights reserved.
    18                           ; 
    19                           ; This software is developed by Microchip Technology Inc. and its subsidiaries ("Microch
      +                          ip").
    20                           ; 
    21                           ; Redistribution and use in source and binary forms, with or without modification, are
    22                           ; permitted provided that the following conditions are met:
    23                           ; 
    24                           ;     1. Redistributions of source code must retain the above copyright notice, this lis
      +                          t of
    25                           ;        conditions and the following disclaimer.
    26                           ; 
    27                           ;     2. Redistributions in binary form must reproduce the above copyright notice, this 
      +                          list
    28                           ;        of conditions and the following disclaimer in the documentation and/or other
    29                           ;        materials provided with the distribution.
    30                           ; 
    31                           ;     3. Microchip's name may not be used to endorse or promote products derived from th
      +                          is
    32                           ;        software without specific prior written permission.
    33                           ; 
    34                           ; THIS SOFTWARE IS PROVIDED BY MICROCHIP "AS IS" AND ANY EXPRESS OR IMPLIED WARRANTIES,
    35                           ; INCLUDING, BUT NOT LIMITED TO, THE IMPLIED WARRANTIES OF MERCHANTABILITY AND FITNESS F
      +                          OR
    36                           ; PURPOSE ARE DISCLAIMED.  IN NO EVENT SHALL MICROCHIP BE LIABLE FOR ANY DIRECT, INDIREC
      +                          T,
    37                           ; INCIDENTAL, SPECIAL, EXEMPLARY, OR CONSEQUENTIAL DAMAGES (INCLUDING BUT NOT LIMITED TO
    38                           ; PROCUREMENT OF SUBSTITUTE GOODS OR SERVICES; LOSS OF USE, DATA OR PROFITS; OR BUSINESS
    39                           ; INTERRUPTION) HOWSOEVER CAUSED AND ON ANY THEORY OF LIABILITY, WHETHER IN CONTRACT, ST
      +                          RICT
    40                           ; LIABILITY, OR TORT (INCLUDING NEGLIGENCE OR OTHERWISE) ARISING IN ANY WAY OUT OF THE U
      +                          SE OF
    41                           ; THIS SOFTWARE, EVEN IF ADVISED OF THE POSSIBILITY OF SUCH DAMAGE.
    42                           ; 
    43                           ; 
    44                           ; Code-generator required, PIC16F877A Definitions
    45                           ; 
    46                           ; SFR Addresses
    47  0000                     	;# 
    48  0001                     	;# 
    49  0002                     	;# 
    50  0003                     	;# 
    51  0004                     	;# 
    52  0005                     	;# 
    53  0006                     	;# 
    54  0007                     	;# 
    55  0008                     	;# 
    56  0009                     	;# 
    57  000A                     	;# 
    58  000B                     	;# 
    59  000C                     	;# 
    60  000D                     	;# 
    61  000E                     	;# 
    62  000E                     	;# 
    63  000F                     	;# 
    64  0010                     	;# 
    65  0011                     	;# 
    66  0012                     	;# 
    67  0013                     	;# 
    68  0014                     	;# 
    69  0015                     	;# 
    70  0015                     	;# 
    71  0016                     	;# 
    72  0017                     	;# 
    73  0018                     	;# 
    74  0019                     	;# 
    75  001A                     	;# 
    76  001B                     	;# 
    77  001B                     	;# 
    78  001C                     	;# 
    79  001D                     	;# 
    80  001E                     	;# 
    81  001F                     	;# 
    82  0081                     	;# 
    83  0085                     	;# 
    84  0086                     	;# 
    85  0087                     	;# 
    86  0088                     	;# 
    87  0089                     	;# 
    88  008C                     	;# 
    89  008D                     	;# 
    90  008E                     	;# 
    91  0091                     	;# 
    92  0092                     	;# 
    93  0093                     	;# 
    94  0094                     	;# 
    95  0098                     	;# 
    96  0099                     	;# 
    97  009C                     	;# 
    98  009D                     	;# 
    99  009E                     	;# 
   100  009F                     	;# 
   101  010C                     	;# 
   102  010D                     	;# 
   103  010E                     	;# 
   104  010F                     	;# 
   105  018C                     	;# 
   106  018D                     	;# 
   107  0000                     	;# 
   108  0001                     	;# 
   109  0002                     	;# 
   110  0003                     	;# 
   111  0004                     	;# 
   112  0005                     	;# 
   113  0006                     	;# 
   114  0007                     	;# 
   115  0008                     	;# 
   116  0009                     	;# 
   117  000A                     	;# 
   118  000B                     	;# 
   119  000C                     	;# 
   120  000D                     	;# 
   121  000E                     	;# 
   122  000E                     	;# 
   123  000F                     	;# 
   124  0010                     	;# 
   125  0011                     	;# 
   126  0012                     	;# 
   127  0013                     	;# 
   128  0014                     	;# 
   129  0015                     	;# 
   130  0015                     	;# 
   131  0016                     	;# 
   132  0017                     	;# 
   133  0018                     	;# 
   134  0019                     	;# 
   135  001A                     	;# 
   136  001B                     	;# 
   137  001B                     	;# 
   138  001C                     	;# 
   139  001D                     	;# 
   140  001E                     	;# 
   141  001F                     	;# 
   142  0081                     	;# 
   143  0085                     	;# 
   144  0086                     	;# 
   145  0087                     	;# 
   146  0088                     	;# 
   147  0089                     	;# 
   148  008C                     	;# 
   149  008D                     	;# 
   150  008E                     	;# 
   151  0091                     	;# 
   152  0092                     	;# 
   153  0093                     	;# 
   154  0094                     	;# 
   155  0098                     	;# 
   156  0099                     	;# 
   157  009C                     	;# 
   158  009D                     	;# 
   159  009E                     	;# 
   160  009F                     	;# 
   161  010C                     	;# 
   162  010D                     	;# 
   163  010E                     	;# 
   164  010F                     	;# 
   165  018C                     	;# 
   166  018D                     	;# 
   167  001B                     _CCPR2L	set	27
   168  0015                     _CCPR1L	set	21
   169  0011                     _TMR2	set	17
   170  0012                     _T2CON	set	18
   171  001D                     _CCP2CON	set	29
   172  0017                     _CCP1CON	set	23
   173  0008                     _PORTD	set	8
   174  0007                     _PORTC	set	7
   175  0006                     _PORTB	set	6
   176  00ED                     _CCP2X	set	237
   177  00EC                     _CCP2Y	set	236
   178  00BD                     _CCP1X	set	189
   179  00BC                     _CCP1Y	set	188
   180  0033                     _RB3	set	51
   181  0032                     _RB2	set	50
   182  0041                     _RD1	set	65
   183  0031                     _RB1	set	49
   184  0030                     _RB0	set	48
   185  0040                     _RD0	set	64
   186  005E                     _PEIE	set	94
   187  005F                     _GIE	set	95
   188  0037                     _RB7	set	55
   189  0036                     _RB6	set	54
   190  0035                     _RB5	set	53
   191  0034                     _RB4	set	52
   192  005B                     _RBIE	set	91
   193  0058                     _RBIF	set	88
   194  0092                     _PR2	set	146
   195  0088                     _TRISD	set	136
   196  0087                     _TRISC	set	135
   197  0086                     _TRISB	set	134
   198                           
   199                           	psect	cinit
   200  0013                     start_initialization:	
   201                           ; #config settings
   202                           
   203  0013                     __initialization:
   204                           
   205                           ; Clear objects allocated to COMMON
   206  0013  01F5               	clrf	__pbssCOMMON& (0+127)
   207  0014  01F6               	clrf	(__pbssCOMMON+1)& (0+127)
   208  0015  01F7               	clrf	(__pbssCOMMON+2)& (0+127)
   209  0016  01F8               	clrf	(__pbssCOMMON+3)& (0+127)
   210  0017                     end_of_initialization:	
   211                           ;End of C runtime variable initialization code
   212                           
   213  0017                     __end_of__initialization:
   214  0017  0183               	clrf	3
   215  0018  120A  118A  2897   	ljmp	_main	;jump to C main() function
   216                           
   217                           	psect	bssCOMMON
   218  0075                     __pbssCOMMON:
   219  0075                     _duty2:
   220  0075                     	ds	2
   221  0077                     _duty1:
   222  0077                     	ds	2
   223                           
   224                           	psect	cstackCOMMON
   225  0070                     __pcstackCOMMON:
   226  0070                     ?_kesme:
   227  0070                     ??_kesme:	
   228                           ; 1 bytes @ 0x0
   229                           
   230  0070                     ?_main:	
   231                           ; 1 bytes @ 0x0
   232                           
   233                           
   234                           ; 1 bytes @ 0x0
   235  0070                     	ds	3
   236  0073                     ??_main:
   237                           
   238                           ; 1 bytes @ 0x3
   239  0073                     	ds	2
   240                           
   241                           	psect	maintext
   242  0097                     __pmaintext:	
   243 ;;
   244 ;;Main: autosize = 0, tempsize = 2, incstack = 0, save=0
   245 ;;
   246 ;; *************** function _main *****************
   247 ;; Defined at:
   248 ;;		line 38 in file "DC-Motor-Hiz-Kontrol.c"
   249 ;; Parameters:    Size  Location     Type
   250 ;;		None
   251 ;; Auto vars:     Size  Location     Type
   252 ;;		None
   253 ;; Return value:  Size  Location     Type
   254 ;;                  1    wreg      void 
   255 ;; Registers used:
   256 ;;		wreg, status,2
   257 ;; Tracked objects:
   258 ;;		On entry : B00/0
   259 ;;		On exit  : 0/0
   260 ;;		Unchanged: 0/0
   261 ;; Data sizes:     COMMON   BANK0   BANK1   BANK3   BANK2
   262 ;;      Params:         0       0       0       0       0
   263 ;;      Locals:         0       0       0       0       0
   264 ;;      Temps:          2       0       0       0       0
   265 ;;      Totals:         2       0       0       0       0
   266 ;;Total ram usage:        2 bytes
   267 ;; Hardware stack levels required when called: 1
   268 ;; This function calls:
   269 ;;		Nothing
   270 ;; This function is called by:
   271 ;;		Startup code after reset
   272 ;; This function uses a non-reentrant model
   273 ;;
   274                           
   275                           
   276                           ;psect for function _main
   277  0097                     _main:
   278  0097                     l710:	
   279                           ;incstack = 0
   280                           ; Regs used in _main: [wreg+status,2]
   281                           
   282                           
   283                           ;DC-Motor-Hiz-Kontrol.c: 40:     TRISB = 0xF0;
   284  0097  30F0               	movlw	240
   285  0098  1683               	bsf	3,5	;RP0=1, select bank1
   286  0099  1303               	bcf	3,6	;RP1=0, select bank1
   287  009A  0086               	movwf	6	;volatile
   288  009B                     l712:
   289                           
   290                           ;DC-Motor-Hiz-Kontrol.c: 41:     TRISC = 0x00;
   291  009B  0187               	clrf	7	;volatile
   292  009C                     l714:
   293                           
   294                           ;DC-Motor-Hiz-Kontrol.c: 42:     TRISD = 0x0F;
   295  009C  300F               	movlw	15
   296  009D  0088               	movwf	8	;volatile
   297                           
   298                           ;DC-Motor-Hiz-Kontrol.c: 43:     PORTB = 0x00;
   299  009E  1283               	bcf	3,5	;RP0=0, select bank0
   300  009F  1303               	bcf	3,6	;RP1=0, select bank0
   301  00A0  0186               	clrf	6	;volatile
   302                           
   303                           ;DC-Motor-Hiz-Kontrol.c: 44:     PORTC = 0x00;
   304  00A1  0187               	clrf	7	;volatile
   305                           
   306                           ;DC-Motor-Hiz-Kontrol.c: 45:     PORTD = 0x00;
   307  00A2  0188               	clrf	8	;volatile
   308  00A3                     l716:
   309                           
   310                           ;DC-Motor-Hiz-Kontrol.c: 47:     GIE = 1;
   311  00A3  178B               	bsf	11,7	;volatile
   312  00A4                     l718:
   313                           
   314                           ;DC-Motor-Hiz-Kontrol.c: 48:     PEIE = 1;
   315  00A4  170B               	bsf	11,6	;volatile
   316  00A5                     l720:
   317                           
   318                           ;DC-Motor-Hiz-Kontrol.c: 49:     RBIE = 1;
   319  00A5  158B               	bsf	11,3	;volatile
   320  00A6                     l722:
   321                           
   322                           ;DC-Motor-Hiz-Kontrol.c: 50:     RBIF = 0;
   323  00A6  100B               	bcf	11,0	;volatile
   324  00A7                     l724:
   325                           
   326                           ;DC-Motor-Hiz-Kontrol.c: 52:     CCP1CON = 0b00001111;
   327  00A7  300F               	movlw	15
   328  00A8  0097               	movwf	23	;volatile
   329  00A9                     l726:
   330                           
   331                           ;DC-Motor-Hiz-Kontrol.c: 53:     CCP2CON = 0b00001111;
   332  00A9  300F               	movlw	15
   333  00AA  009D               	movwf	29	;volatile
   334  00AB                     l728:
   335                           
   336                           ;DC-Motor-Hiz-Kontrol.c: 54:     T2CON = 0b00000111;
   337  00AB  3007               	movlw	7
   338  00AC  0092               	movwf	18	;volatile
   339  00AD                     l730:
   340                           
   341                           ;DC-Motor-Hiz-Kontrol.c: 56:     TMR2 = 0;
   342  00AD  0191               	clrf	17	;volatile
   343                           
   344                           ;DC-Motor-Hiz-Kontrol.c: 57:     PR2 = 250;
   345  00AE  30FA               	movlw	250
   346  00AF  1683               	bsf	3,5	;RP0=1, select bank1
   347  00B0  1303               	bcf	3,6	;RP1=0, select bank1
   348  00B1  0092               	movwf	18	;volatile
   349  00B2                     l732:
   350                           
   351                           ;DC-Motor-Hiz-Kontrol.c: 61:         if(RD0 == 1){
   352  00B2  1283               	bcf	3,5	;RP0=0, select bank0
   353  00B3  1C08               	btfss	8,0	;volatile
   354  00B4  28B6               	goto	u101
   355  00B5  28B7               	goto	u100
   356  00B6                     u101:
   357  00B6  28B9               	goto	l82
   358  00B7                     u100:
   359  00B7                     l734:
   360                           
   361                           ;DC-Motor-Hiz-Kontrol.c: 62:             RB0 = 0;
   362  00B7  1006               	bcf	6,0	;volatile
   363                           
   364                           ;DC-Motor-Hiz-Kontrol.c: 63:             RB1 = 1;
   365  00B8  1486               	bsf	6,1	;volatile
   366  00B9                     l82:	
   367                           ;DC-Motor-Hiz-Kontrol.c: 64:         }
   368                           
   369                           
   370                           ;DC-Motor-Hiz-Kontrol.c: 65:         if(RD0 == 0){
   371  00B9  1808               	btfsc	8,0	;volatile
   372  00BA  28BC               	goto	u111
   373  00BB  28BD               	goto	u110
   374  00BC                     u111:
   375  00BC  28BF               	goto	l83
   376  00BD                     u110:
   377  00BD                     l736:
   378                           
   379                           ;DC-Motor-Hiz-Kontrol.c: 66:             RB0 = 1;
   380  00BD  1406               	bsf	6,0	;volatile
   381                           
   382                           ;DC-Motor-Hiz-Kontrol.c: 67:             RB1 = 0;
   383  00BE  1086               	bcf	6,1	;volatile
   384  00BF                     l83:	
   385                           ;DC-Motor-Hiz-Kontrol.c: 68:         }
   386                           
   387                           
   388                           ;DC-Motor-Hiz-Kontrol.c: 69:         if(RD1 == 1){
   389  00BF  1C88               	btfss	8,1	;volatile
   390  00C0  28C2               	goto	u121
   391  00C1  28C3               	goto	u120
   392  00C2                     u121:
   393  00C2  28C5               	goto	l84
   394  00C3                     u120:
   395  00C3                     l738:
   396                           
   397                           ;DC-Motor-Hiz-Kontrol.c: 70:             RB2 = 0;
   398  00C3  1106               	bcf	6,2	;volatile
   399                           
   400                           ;DC-Motor-Hiz-Kontrol.c: 71:             RB3 = 1;
   401  00C4  1586               	bsf	6,3	;volatile
   402  00C5                     l84:	
   403                           ;DC-Motor-Hiz-Kontrol.c: 72:         }
   404                           
   405                           
   406                           ;DC-Motor-Hiz-Kontrol.c: 73:         if(RD1 == 0){
   407  00C5  1888               	btfsc	8,1	;volatile
   408  00C6  28C8               	goto	u131
   409  00C7  28C9               	goto	u130
   410  00C8                     u131:
   411  00C8  28CB               	goto	l742
   412  00C9                     u130:
   413  00C9                     l740:
   414                           
   415                           ;DC-Motor-Hiz-Kontrol.c: 74:             RB2 = 1;
   416  00C9  1506               	bsf	6,2	;volatile
   417                           
   418                           ;DC-Motor-Hiz-Kontrol.c: 75:             RB3 = 0;
   419  00CA  1186               	bcf	6,3	;volatile
   420  00CB                     l742:
   421                           
   422                           ;DC-Motor-Hiz-Kontrol.c: 78:         CCPR1L = duty1>>2;
   423  00CB  0878               	movf	_duty1+1,w
   424  00CC  00F4               	movwf	??_main+1
   425  00CD  0877               	movf	_duty1,w
   426  00CE  00F3               	movwf	??_main
   427  00CF  0D74               	rlf	??_main+1,w
   428  00D0  0CF4               	rrf	??_main+1,f
   429  00D1  0CF3               	rrf	??_main,f
   430  00D2  0D74               	rlf	??_main+1,w
   431  00D3  0CF4               	rrf	??_main+1,f
   432  00D4  0CF3               	rrf	??_main,f
   433  00D5  0873               	movf	??_main,w
   434  00D6  0095               	movwf	21	;volatile
   435  00D7                     l744:
   436                           
   437                           ;DC-Motor-Hiz-Kontrol.c: 79:         CCP1Y = duty1&1;
   438  00D7  1877               	btfsc	_duty1,0
   439  00D8  28DA               	goto	u141
   440  00D9  28DE               	goto	u140
   441  00DA                     u141:
   442  00DA  1283               	bcf	3,5	;RP0=0, select bank0
   443  00DB  1303               	bcf	3,6	;RP1=0, select bank0
   444  00DC  1617               	bsf	23,4	;volatile
   445  00DD  28E1               	goto	u154
   446  00DE                     u140:
   447  00DE  1283               	bcf	3,5	;RP0=0, select bank0
   448  00DF  1303               	bcf	3,6	;RP1=0, select bank0
   449  00E0  1217               	bcf	23,4	;volatile
   450  00E1                     u154:
   451  00E1                     l746:
   452                           
   453                           ;DC-Motor-Hiz-Kontrol.c: 80:         CCP1X = duty1&2;
   454  00E1  1297               	bcf	23,5	;volatile
   455                           
   456                           ;DC-Motor-Hiz-Kontrol.c: 82:         CCPR2L = duty2>>2;
   457  00E2  0876               	movf	_duty2+1,w
   458  00E3  00F4               	movwf	??_main+1
   459  00E4  0875               	movf	_duty2,w
   460  00E5  00F3               	movwf	??_main
   461  00E6  0D74               	rlf	??_main+1,w
   462  00E7  0CF4               	rrf	??_main+1,f
   463  00E8  0CF3               	rrf	??_main,f
   464  00E9  0D74               	rlf	??_main+1,w
   465  00EA  0CF4               	rrf	??_main+1,f
   466  00EB  0CF3               	rrf	??_main,f
   467  00EC  0873               	movf	??_main,w
   468  00ED  009B               	movwf	27	;volatile
   469  00EE                     l748:
   470                           
   471                           ;DC-Motor-Hiz-Kontrol.c: 83:         CCP2Y = duty2&1;
   472  00EE  1875               	btfsc	_duty2,0
   473  00EF  28F1               	goto	u161
   474  00F0  28F5               	goto	u160
   475  00F1                     u161:
   476  00F1  1283               	bcf	3,5	;RP0=0, select bank0
   477  00F2  1303               	bcf	3,6	;RP1=0, select bank0
   478  00F3  161D               	bsf	29,4	;volatile
   479  00F4  28F8               	goto	u174
   480  00F5                     u160:
   481  00F5  1283               	bcf	3,5	;RP0=0, select bank0
   482  00F6  1303               	bcf	3,6	;RP1=0, select bank0
   483  00F7  121D               	bcf	29,4	;volatile
   484  00F8                     u174:
   485  00F8                     l750:
   486                           
   487                           ;DC-Motor-Hiz-Kontrol.c: 84:         CCP2X = duty2&2;
   488  00F8  129D               	bcf	29,5	;volatile
   489  00F9  28B2               	goto	l732
   490  00FA  120A  118A  2810   	ljmp	start
   491  00FD                     __end_of_main:
   492                           
   493                           	psect	text1
   494  001B                     __ptext1:	
   495 ;; *************** function _kesme *****************
   496 ;; Defined at:
   497 ;;		line 16 in file "DC-Motor-Hiz-Kontrol.c"
   498 ;; Parameters:    Size  Location     Type
   499 ;;		None
   500 ;; Auto vars:     Size  Location     Type
   501 ;;		None
   502 ;; Return value:  Size  Location     Type
   503 ;;                  1    wreg      void 
   504 ;; Registers used:
   505 ;;		wreg, status,2, status,0, btemp+1
   506 ;; Tracked objects:
   507 ;;		On entry : 0/0
   508 ;;		On exit  : 0/0
   509 ;;		Unchanged: 0/0
   510 ;; Data sizes:     COMMON   BANK0   BANK1   BANK3   BANK2
   511 ;;      Params:         0       0       0       0       0
   512 ;;      Locals:         0       0       0       0       0
   513 ;;      Temps:          3       0       0       0       0
   514 ;;      Totals:         3       0       0       0       0
   515 ;;Total ram usage:        3 bytes
   516 ;; Hardware stack levels used: 1
   517 ;; This function calls:
   518 ;;		Nothing
   519 ;; This function is called by:
   520 ;;		Interrupt level 1
   521 ;; This function uses a non-reentrant model
   522 ;;
   523                           
   524                           
   525                           ;psect for function _kesme
   526  001B                     _kesme:
   527  001B                     i1l680:
   528                           
   529                           ;DC-Motor-Hiz-Kontrol.c: 18:     if(RBIF){
   530  001B  1C0B               	btfss	11,0	;volatile
   531  001C  281E               	goto	u1_21
   532  001D  281F               	goto	u1_20
   533  001E                     u1_21:
   534  001E  288A               	goto	i1l706
   535  001F                     u1_20:
   536  001F                     i1l682:
   537                           
   538                           ;DC-Motor-Hiz-Kontrol.c: 20:         RBIE = 0;
   539  001F  118B               	bcf	11,3	;volatile
   540                           
   541                           ;DC-Motor-Hiz-Kontrol.c: 21:         if(RB4 == 1 && duty1 < 1000){
   542  0020  1E06               	btfss	6,4	;volatile
   543  0021  2823               	goto	u2_21
   544  0022  2824               	goto	u2_20
   545  0023                     u2_21:
   546  0023  2839               	goto	i1l688
   547  0024                     u2_20:
   548  0024                     i1l684:
   549  0024  0878               	movf	_duty1+1,w
   550  0025  3A80               	xorlw	128
   551  0026  00FF               	movwf	btemp+1
   552  0027  3083               	movlw	131
   553  0028  027F               	subwf	btemp+1,w
   554  0029  1D03               	skipz
   555  002A  282D               	goto	u3_25
   556  002B  30E8               	movlw	232
   557  002C  0277               	subwf	_duty1,w
   558  002D                     u3_25:
   559  002D  1803               	skipnc
   560  002E  2830               	goto	u3_21
   561  002F  2831               	goto	u3_20
   562  0030                     u3_21:
   563  0030  2839               	goto	i1l688
   564  0031                     u3_20:
   565  0031                     i1l686:
   566                           
   567                           ;DC-Motor-Hiz-Kontrol.c: 22:             duty1 = duty1 + 100;
   568  0031  0877               	movf	_duty1,w
   569  0032  3E64               	addlw	100
   570  0033  00F7               	movwf	_duty1
   571  0034  0878               	movf	_duty1+1,w
   572  0035  1803               	skipnc
   573  0036  3E01               	addlw	1
   574  0037  3E00               	addlw	0
   575  0038  00F8               	movwf	_duty1+1
   576  0039                     i1l688:
   577                           
   578                           ;DC-Motor-Hiz-Kontrol.c: 24:         if(RB5 == 1 && duty1 > 0){
   579  0039  1283               	bcf	3,5	;RP0=0, select bank0
   580  003A  1303               	bcf	3,6	;RP1=0, select bank0
   581  003B  1E86               	btfss	6,5	;volatile
   582  003C  283E               	goto	u4_21
   583  003D  283F               	goto	u4_20
   584  003E                     u4_21:
   585  003E  2854               	goto	i1l694
   586  003F                     u4_20:
   587  003F                     i1l690:
   588  003F  0878               	movf	_duty1+1,w
   589  0040  3A80               	xorlw	128
   590  0041  00FF               	movwf	btemp+1
   591  0042  3080               	movlw	128
   592  0043  027F               	subwf	btemp+1,w
   593  0044  1D03               	skipz
   594  0045  2848               	goto	u5_25
   595  0046  3001               	movlw	1
   596  0047  0277               	subwf	_duty1,w
   597  0048                     u5_25:
   598  0048  1C03               	skipc
   599  0049  284B               	goto	u5_21
   600  004A  284C               	goto	u5_20
   601  004B                     u5_21:
   602  004B  2854               	goto	i1l694
   603  004C                     u5_20:
   604  004C                     i1l692:
   605                           
   606                           ;DC-Motor-Hiz-Kontrol.c: 25:             duty1 = duty1 - 100;
   607  004C  0877               	movf	_duty1,w
   608  004D  3E9C               	addlw	156
   609  004E  00F7               	movwf	_duty1
   610  004F  0878               	movf	_duty1+1,w
   611  0050  1803               	skipnc
   612  0051  3E01               	addlw	1
   613  0052  3EFF               	addlw	255
   614  0053  00F8               	movwf	_duty1+1
   615  0054                     i1l694:
   616                           
   617                           ;DC-Motor-Hiz-Kontrol.c: 27:         if(RB6 == 1 && duty2 < 1000){
   618  0054  1283               	bcf	3,5	;RP0=0, select bank0
   619  0055  1303               	bcf	3,6	;RP1=0, select bank0
   620  0056  1F06               	btfss	6,6	;volatile
   621  0057  2859               	goto	u6_21
   622  0058  285A               	goto	u6_20
   623  0059                     u6_21:
   624  0059  286F               	goto	i1l700
   625  005A                     u6_20:
   626  005A                     i1l696:
   627  005A  0876               	movf	_duty2+1,w
   628  005B  3A80               	xorlw	128
   629  005C  00FF               	movwf	btemp+1
   630  005D  3083               	movlw	131
   631  005E  027F               	subwf	btemp+1,w
   632  005F  1D03               	skipz
   633  0060  2863               	goto	u7_25
   634  0061  30E8               	movlw	232
   635  0062  0275               	subwf	_duty2,w
   636  0063                     u7_25:
   637  0063  1803               	skipnc
   638  0064  2866               	goto	u7_21
   639  0065  2867               	goto	u7_20
   640  0066                     u7_21:
   641  0066  286F               	goto	i1l700
   642  0067                     u7_20:
   643  0067                     i1l698:
   644                           
   645                           ;DC-Motor-Hiz-Kontrol.c: 28:             duty2 = duty2+100;
   646  0067  0875               	movf	_duty2,w
   647  0068  3E64               	addlw	100
   648  0069  00F5               	movwf	_duty2
   649  006A  0876               	movf	_duty2+1,w
   650  006B  1803               	skipnc
   651  006C  3E01               	addlw	1
   652  006D  3E00               	addlw	0
   653  006E  00F6               	movwf	_duty2+1
   654  006F                     i1l700:
   655                           
   656                           ;DC-Motor-Hiz-Kontrol.c: 30:         if(RB7 == 1 && duty2 > 0){
   657  006F  1283               	bcf	3,5	;RP0=0, select bank0
   658  0070  1303               	bcf	3,6	;RP1=0, select bank0
   659  0071  1F86               	btfss	6,7	;volatile
   660  0072  2874               	goto	u8_21
   661  0073  2875               	goto	u8_20
   662  0074                     u8_21:
   663  0074  288A               	goto	i1l706
   664  0075                     u8_20:
   665  0075                     i1l702:
   666  0075  0876               	movf	_duty2+1,w
   667  0076  3A80               	xorlw	128
   668  0077  00FF               	movwf	btemp+1
   669  0078  3080               	movlw	128
   670  0079  027F               	subwf	btemp+1,w
   671  007A  1D03               	skipz
   672  007B  287E               	goto	u9_25
   673  007C  3001               	movlw	1
   674  007D  0275               	subwf	_duty2,w
   675  007E                     u9_25:
   676  007E  1C03               	skipc
   677  007F  2881               	goto	u9_21
   678  0080  2882               	goto	u9_20
   679  0081                     u9_21:
   680  0081  288A               	goto	i1l706
   681  0082                     u9_20:
   682  0082                     i1l704:
   683                           
   684                           ;DC-Motor-Hiz-Kontrol.c: 31:             duty2 = duty2 - 100;
   685  0082  0875               	movf	_duty2,w
   686  0083  3E9C               	addlw	156
   687  0084  00F5               	movwf	_duty2
   688  0085  0876               	movf	_duty2+1,w
   689  0086  1803               	skipnc
   690  0087  3E01               	addlw	1
   691  0088  3EFF               	addlw	255
   692  0089  00F6               	movwf	_duty2+1
   693  008A                     i1l706:
   694                           
   695                           ;DC-Motor-Hiz-Kontrol.c: 34:     RBIE = 1;
   696  008A  158B               	bsf	11,3	;volatile
   697  008B                     i1l708:
   698                           
   699                           ;DC-Motor-Hiz-Kontrol.c: 35:     RBIF = 0;
   700  008B  100B               	bcf	11,0	;volatile
   701  008C                     i1l76:
   702  008C  0872               	movf	??_kesme+2,w
   703  008D  1283               	bcf	3,5	;RP0=0, select bank0
   704  008E  1303               	bcf	3,6	;RP1=0, select bank0
   705  008F  00FF               	movwf	btemp+1
   706  0090  0871               	movf	??_kesme+1,w
   707  0091  008A               	movwf	10
   708  0092  0E70               	swapf	??_kesme,w
   709  0093  0083               	movwf	3
   710  0094  0EFE               	swapf	btemp,f
   711  0095  0E7E               	swapf	btemp,w
   712  0096  0009               	retfie
   713  0097                     __end_of_kesme:
   714  007E                     btemp	set	126	;btemp
   715  007E                     wtemp0	set	126
   716                           
   717                           	psect	intentry
   718  0004                     __pintentry:	
   719                           ;incstack = 0
   720                           ; Regs used in _kesme: [wreg+status,2+status,0+btemp+1]
   721                           
   722  0004                     interrupt_function:
   723  007E                     saved_w	set	btemp
   724  0004  00FE               	movwf	btemp
   725  0005  0E03               	swapf	3,w
   726  0006  00F0               	movwf	??_kesme
   727  0007  080A               	movf	10,w
   728  0008  00F1               	movwf	??_kesme+1
   729  0009  1283               	bcf	3,5	;RP0=0, select bank0
   730  000A  1303               	bcf	3,6	;RP1=0, select bank0
   731  000B  087F               	movf	btemp+1,w
   732  000C  00F2               	movwf	??_kesme+2
   733  000D  120A  118A  281B   	ljmp	_kesme
   734                           
   735                           	psect	config
   736                           
   737                           ;Config register CONFIG @ 0x2007
   738                           ;	Oscillator Selection bits
   739                           ;	FOSC = XT, XT oscillator
   740                           ;	Watchdog Timer Enable bit
   741                           ;	WDTE = OFF, WDT disabled
   742                           ;	Power-up Timer Enable bit
   743                           ;	PWRTE = OFF, PWRT disabled
   744                           ;	Brown-out Reset Enable bit
   745                           ;	BOREN = OFF, BOR disabled
   746                           ;	Low-Voltage (Single-Supply) In-Circuit Serial Programming Enable bit
   747                           ;	LVP = OFF, RB3 is digital I/O, HV on MCLR must be used for programming
   748                           ;	Data EEPROM Memory Code Protection bit
   749                           ;	CPD = OFF, Data EEPROM code protection off
   750                           ;	Flash Program Memory Write Enable bits
   751                           ;	WRT = OFF, Write protection off; all program memory may be written to by EECON control
   752                           ;	In-Circuit Debugger Mode bit
   753                           ;	DEBUG = 0x1, unprogrammed default
   754                           ;	Flash Program Memory Code Protection bit
   755                           ;	CP = OFF, Code protection off
   756  2007                     	org	8199
   757  2007  3F39               	dw	16185

Data Sizes:
    Strings     0
    Constant    0
    Data        0
    BSS         4
    Persistent  0
    Stack       0

Auto Spaces:
    Space          Size  Autos    Used
    COMMON           14      5       9
    BANK0            80      0       0
    BANK1            80      0       0
    BANK3            96      0       0
    BANK2            96      0       0

Pointer List with Targets:

    None.

Critical Paths under _main in COMMON

    None.

Critical Paths under _kesme in COMMON

    None.

Critical Paths under _main in BANK0

    None.

Critical Paths under _kesme in BANK0

    None.

Critical Paths under _main in BANK1

    None.

Critical Paths under _kesme in BANK1

    None.

Critical Paths under _main in BANK3

    None.

Critical Paths under _kesme in BANK3

    None.

Critical Paths under _main in BANK2

    None.

Critical Paths under _kesme in BANK2

    None.

Call Graph Tables:

 ---------------------------------------------------------------------------------
 (Depth) Function   	        Calls       Base Space   Used Autos Params    Refs
 ---------------------------------------------------------------------------------
 (0) _main                                                 2     2      0       0
                                              3 COMMON     2     2      0
 ---------------------------------------------------------------------------------
 Estimated maximum stack depth 0
 ---------------------------------------------------------------------------------
 (Depth) Function   	        Calls       Base Space   Used Autos Params    Refs
 ---------------------------------------------------------------------------------
 (1) _kesme                                                3     3      0       0
                                              0 COMMON     3     3      0
 ---------------------------------------------------------------------------------
 Estimated maximum stack depth 1
 ---------------------------------------------------------------------------------

 Call Graph Graphs:

 _main (ROOT)

 _kesme (ROOT)

 Address spaces:
Name               Size   Autos  Total    Cost      Usage
BITCOMMON            E      0       0       0        0.0%
EEDATA             100      0       0       0        0.0%
NULL                 0      0       0       0        0.0%
CODE                 0      0       0       0        0.0%
COMMON               E      5       9       1       64.3%
BITSFR0              0      0       0       1        0.0%
SFR0                 0      0       0       1        0.0%
BITSFR1              0      0       0       2        0.0%
SFR1                 0      0       0       2        0.0%
STACK                0      0       0       2        0.0%
ABS                  0      0       9       3        0.0%
BITBANK0            50      0       0       4        0.0%
BITSFR3              0      0       0       4        0.0%
SFR3                 0      0       0       4        0.0%
BANK0               50      0       0       5        0.0%
BITSFR2              0      0       0       5        0.0%
SFR2                 0      0       0       5        0.0%
BITBANK1            50      0       0       6        0.0%
BANK1               50      0       0       7        0.0%
BITBANK3            60      0       0       8        0.0%
BANK3               60      0       0       9        0.0%
BITBANK2            60      0       0      10        0.0%
BANK2               60      0       0      11        0.0%
DATA                 0      0       9      12        0.0%


Microchip Technology PIC Macro Assembler V2.32 build 20210201212658 
Symbol Table                                                                                   Wed Feb 02 01:44:16 2022

                     l82 00B9                       l83 00BF                       l84 00C5  
                    l710 0097                      l720 00A5                      l712 009B  
                    l730 00AD                      l722 00A6                      l714 009C  
                    l740 00C9                      l732 00B2                      l724 00A7  
                    l716 00A3                      l750 00F8                      l742 00CB  
                    l734 00B7                      l726 00A9                      l718 00A4  
                    l744 00D7                      l736 00BD                      l728 00AB  
                    l746 00E1                      l738 00C3                      l748 00EE  
                    _GIE 005F                      _RB0 0030                      _RB1 0031  
                    _RB2 0032                      _RB3 0033                      _RB4 0034  
                    _RD0 0040                      _RB5 0035                      _RD1 0041  
                    _RB6 0036                      _RB7 0037                      u100 00B7  
                    u101 00B6                      u110 00BD                      u111 00BC  
                    u120 00C3                      u121 00C2                      u130 00C9  
                    u131 00C8                      u140 00DE                      u141 00DA  
                    u160 00F5                      u161 00F1                      u154 00E1  
                    u174 00F8                      _PR2 0092                     _PEIE 005E  
                   _RBIE 005B                     _RBIF 0058                     i1l76 008C  
                   _TMR2 0011                     u1_20 001F                     u1_21 001E  
                   u2_20 0024                     u2_21 0023                     u3_20 0031  
                   u3_21 0030                     u3_25 002D                     u4_20 003F  
                   u4_21 003E                     u5_20 004C                     u5_21 004B  
                   u5_25 0048                     u6_20 005A                     u6_21 0059  
                   u7_20 0067                     u7_21 0066                     u7_25 0063  
                   u8_20 0075                     u8_21 0074                     u9_20 0082  
                   u9_21 0081                     u9_25 007E                     _main 0097  
                   btemp 007E                     start 0010                    ?_main 0070  
                  _CCP1X 00BD                    _CCP1Y 00BC                    _CCP2X 00ED  
                  _CCP2Y 00EC                    _T2CON 0012                    i1l700 006F  
                  i1l702 0075                    i1l704 0082                    i1l706 008A  
                  i1l708 008B                    i1l680 001B                    i1l690 003F  
                  i1l682 001F                    i1l692 004C                    i1l684 0024  
                  i1l694 0054                    i1l686 0031                    i1l696 005A  
                  i1l688 0039                    i1l698 0067                    _PORTB 0006  
                  _PORTC 0007                    _PORTD 0008                    _TRISB 0086  
                  _TRISC 0087                    _TRISD 0088                    _duty1 0077  
                  _duty2 0075                    _kesme 001B                    pclath 000A  
                  status 0003                    wtemp0 007E          __initialization 0013  
           __end_of_main 00FD                   ??_main 0073                   ?_kesme 0070  
                 _CCPR1L 0015                   _CCPR2L 001B                   saved_w 007E  
__end_of__initialization 0017           __pcstackCOMMON 0070            __end_of_kesme 0097  
                ??_kesme 0070               __pmaintext 0097               __pintentry 0004  
                _CCP1CON 0017                  _CCP2CON 001D                  __ptext1 001B  
   end_of_initialization 0017      start_initialization 0013              __pbssCOMMON 0075  
              ___latbits 0002           __size_of_kesme 007C        interrupt_function 0004  
          __size_of_main 0066                 intlevel1 0000  
