

Microchip MPLAB XC8 Assembler V2.32 build 20210201212658 
                                                                                               Wed Feb 02 15:43:31 2022

Microchip MPLAB XC8 C Compiler v2.32 (Free license) build 20210201212658 Og1 
     1                           	processor	16F877A
     2                           	pagewidth 120
     3                           	opt	flic
     4                           	psect	strings,global,class=STRING,delta=2,noexec
     5                           	psect	cinit,global,class=CODE,merge=1,delta=2
     6                           	psect	cstackCOMMON,global,class=COMMON,space=1,delta=1,noexec
     7                           	psect	cstackBANK0,global,class=BANK0,space=1,delta=1,noexec
     8                           	psect	maintext,global,class=CODE,split=1,delta=2
     9                           	psect	text1,local,class=CODE,merge=1,delta=2
    10                           	psect	text2,local,class=CODE,merge=1,delta=2
    11                           	psect	text3,local,class=CODE,merge=1,delta=2
    12                           	psect	text4,local,class=CODE,merge=1,delta=2
    13                           	psect	text5,local,class=CODE,merge=1,delta=2
    14                           	psect	text6,local,class=CODE,merge=1,delta=2
    15                           	psect	text7,local,class=CODE,merge=1,delta=2
    16                           	psect	text8,local,class=CODE,merge=1,delta=2,group=1
    17                           	psect	text9,local,class=CODE,merge=1,delta=2,group=1
    18                           	psect	config,global,abs,ovrld,class=CONFIG,space=4,delta=2,noexec
    19                           	dabs	1,0x7E,2
    20  0000                     
    21                           ; Version 2.20
    22                           ; Generated 12/02/2020 GMT
    23                           ; 
    24                           ; Copyright © 2020, Microchip Technology Inc. and its subsidiaries ("Microchip")
    25                           ; All rights reserved.
    26                           ; 
    27                           ; This software is developed by Microchip Technology Inc. and its subsidiaries ("Microch
      +                          ip").
    28                           ; 
    29                           ; Redistribution and use in source and binary forms, with or without modification, are
    30                           ; permitted provided that the following conditions are met:
    31                           ; 
    32                           ;     1. Redistributions of source code must retain the above copyright notice, this lis
      +                          t of
    33                           ;        conditions and the following disclaimer.
    34                           ; 
    35                           ;     2. Redistributions in binary form must reproduce the above copyright notice, this 
      +                          list
    36                           ;        of conditions and the following disclaimer in the documentation and/or other
    37                           ;        materials provided with the distribution.
    38                           ; 
    39                           ;     3. Microchip's name may not be used to endorse or promote products derived from th
      +                          is
    40                           ;        software without specific prior written permission.
    41                           ; 
    42                           ; THIS SOFTWARE IS PROVIDED BY MICROCHIP "AS IS" AND ANY EXPRESS OR IMPLIED WARRANTIES,
    43                           ; INCLUDING, BUT NOT LIMITED TO, THE IMPLIED WARRANTIES OF MERCHANTABILITY AND FITNESS F
      +                          OR
    44                           ; PURPOSE ARE DISCLAIMED.  IN NO EVENT SHALL MICROCHIP BE LIABLE FOR ANY DIRECT, INDIREC
      +                          T,
    45                           ; INCIDENTAL, SPECIAL, EXEMPLARY, OR CONSEQUENTIAL DAMAGES (INCLUDING BUT NOT LIMITED TO
    46                           ; PROCUREMENT OF SUBSTITUTE GOODS OR SERVICES; LOSS OF USE, DATA OR PROFITS; OR BUSINESS
    47                           ; INTERRUPTION) HOWSOEVER CAUSED AND ON ANY THEORY OF LIABILITY, WHETHER IN CONTRACT, ST
      +                          RICT
    48                           ; LIABILITY, OR TORT (INCLUDING NEGLIGENCE OR OTHERWISE) ARISING IN ANY WAY OUT OF THE U
      +                          SE OF
    49                           ; THIS SOFTWARE, EVEN IF ADVISED OF THE POSSIBILITY OF SUCH DAMAGE.
    50                           ; 
    51                           ; 
    52                           ; Code-generator required, PIC16F877A Definitions
    53                           ; 
    54                           ; SFR Addresses
    55  0000                     	;# 
    56  0001                     	;# 
    57  0002                     	;# 
    58  0003                     	;# 
    59  0004                     	;# 
    60  0005                     	;# 
    61  0006                     	;# 
    62  0007                     	;# 
    63  0008                     	;# 
    64  0009                     	;# 
    65  000A                     	;# 
    66  000B                     	;# 
    67  000C                     	;# 
    68  000D                     	;# 
    69  000E                     	;# 
    70  000E                     	;# 
    71  000F                     	;# 
    72  0010                     	;# 
    73  0011                     	;# 
    74  0012                     	;# 
    75  0013                     	;# 
    76  0014                     	;# 
    77  0015                     	;# 
    78  0015                     	;# 
    79  0016                     	;# 
    80  0017                     	;# 
    81  0018                     	;# 
    82  0019                     	;# 
    83  001A                     	;# 
    84  001B                     	;# 
    85  001B                     	;# 
    86  001C                     	;# 
    87  001D                     	;# 
    88  001E                     	;# 
    89  001F                     	;# 
    90  0081                     	;# 
    91  0085                     	;# 
    92  0086                     	;# 
    93  0087                     	;# 
    94  0088                     	;# 
    95  0089                     	;# 
    96  008C                     	;# 
    97  008D                     	;# 
    98  008E                     	;# 
    99  0091                     	;# 
   100  0092                     	;# 
   101  0093                     	;# 
   102  0094                     	;# 
   103  0098                     	;# 
   104  0099                     	;# 
   105  009C                     	;# 
   106  009D                     	;# 
   107  009E                     	;# 
   108  009F                     	;# 
   109  010C                     	;# 
   110  010D                     	;# 
   111  010E                     	;# 
   112  010F                     	;# 
   113  018C                     	;# 
   114  018D                     	;# 
   115  0000                     	;# 
   116  0001                     	;# 
   117  0002                     	;# 
   118  0003                     	;# 
   119  0004                     	;# 
   120  0005                     	;# 
   121  0006                     	;# 
   122  0007                     	;# 
   123  0008                     	;# 
   124  0009                     	;# 
   125  000A                     	;# 
   126  000B                     	;# 
   127  000C                     	;# 
   128  000D                     	;# 
   129  000E                     	;# 
   130  000E                     	;# 
   131  000F                     	;# 
   132  0010                     	;# 
   133  0011                     	;# 
   134  0012                     	;# 
   135  0013                     	;# 
   136  0014                     	;# 
   137  0015                     	;# 
   138  0015                     	;# 
   139  0016                     	;# 
   140  0017                     	;# 
   141  0018                     	;# 
   142  0019                     	;# 
   143  001A                     	;# 
   144  001B                     	;# 
   145  001B                     	;# 
   146  001C                     	;# 
   147  001D                     	;# 
   148  001E                     	;# 
   149  001F                     	;# 
   150  0081                     	;# 
   151  0085                     	;# 
   152  0086                     	;# 
   153  0087                     	;# 
   154  0088                     	;# 
   155  0089                     	;# 
   156  008C                     	;# 
   157  008D                     	;# 
   158  008E                     	;# 
   159  0091                     	;# 
   160  0092                     	;# 
   161  0093                     	;# 
   162  0094                     	;# 
   163  0098                     	;# 
   164  0099                     	;# 
   165  009C                     	;# 
   166  009D                     	;# 
   167  009E                     	;# 
   168  009F                     	;# 
   169  010C                     	;# 
   170  010D                     	;# 
   171  010E                     	;# 
   172  010F                     	;# 
   173  018C                     	;# 
   174  018D                     	;# 
   175  0000                     	;# 
   176  0001                     	;# 
   177  0002                     	;# 
   178  0003                     	;# 
   179  0004                     	;# 
   180  0005                     	;# 
   181  0006                     	;# 
   182  0007                     	;# 
   183  0008                     	;# 
   184  0009                     	;# 
   185  000A                     	;# 
   186  000B                     	;# 
   187  000C                     	;# 
   188  000D                     	;# 
   189  000E                     	;# 
   190  000E                     	;# 
   191  000F                     	;# 
   192  0010                     	;# 
   193  0011                     	;# 
   194  0012                     	;# 
   195  0013                     	;# 
   196  0014                     	;# 
   197  0015                     	;# 
   198  0015                     	;# 
   199  0016                     	;# 
   200  0017                     	;# 
   201  0018                     	;# 
   202  0019                     	;# 
   203  001A                     	;# 
   204  001B                     	;# 
   205  001B                     	;# 
   206  001C                     	;# 
   207  001D                     	;# 
   208  001E                     	;# 
   209  001F                     	;# 
   210  0081                     	;# 
   211  0085                     	;# 
   212  0086                     	;# 
   213  0087                     	;# 
   214  0088                     	;# 
   215  0089                     	;# 
   216  008C                     	;# 
   217  008D                     	;# 
   218  008E                     	;# 
   219  0091                     	;# 
   220  0092                     	;# 
   221  0093                     	;# 
   222  0094                     	;# 
   223  0098                     	;# 
   224  0099                     	;# 
   225  009C                     	;# 
   226  009D                     	;# 
   227  009E                     	;# 
   228  009F                     	;# 
   229  010C                     	;# 
   230  010D                     	;# 
   231  010E                     	;# 
   232  010F                     	;# 
   233  018C                     	;# 
   234  018D                     	;# 
   235  0011                     _TMR2	set	17
   236  0012                     _T2CON	set	18
   237  0017                     _CCP1CON	set	23
   238  0007                     _PORTC	set	7
   239  0006                     _PORTB	set	6
   240  0015                     _CCPR1L	set	21
   241  0032                     _RB2	set	50
   242  0030                     _RB0	set	48
   243  0031                     _RB1	set	49
   244  00BD                     _CCP1X	set	189
   245  00BC                     _CCP1Y	set	188
   246  0092                     _PR2	set	146
   247  0087                     _TRISC	set	135
   248  0086                     _TRISB	set	134
   249                           
   250                           	psect	strings
   251  0003                     __pstrings:
   252  0003                     stringtab:
   253  0003                     __stringtab:
   254  0003                     stringcode:	
   255                           ;	String table - string pointers are 1 byte each
   256                           
   257  0003                     stringdir:
   258  0003  3000               	movlw	high stringdir
   259  0004  008A               	movwf	10
   260  0005  0804               	movf	4,w
   261  0006  0A84               	incf	4,f
   262  0007  0782               	addwf	2,f
   263  0008                     __stringbase:
   264  0008  3400               	retlw	0
   265  0009                     __end_of__stringtab:
   266  0009                     STR_1:
   267  0009  3444               	retlw	68	;'D'
   268  000A  3465               	retlw	101	;'e'
   269  000B  3467               	retlw	103	;'g'
   270  000C  3465               	retlw	101	;'e'
   271  000D  3472               	retlw	114	;'r'
   272  000E  3420               	retlw	32	;' '
   273  000F  343A               	retlw	58	;':'
   274  0010  3420               	retlw	32	;' '
   275  0011  3400               	retlw	0
   276                           
   277                           	psect	cinit
   278  07FC                     start_initialization:	
   279                           ; #config settings
   280                           
   281  07FC                     __initialization:
   282  07FC                     end_of_initialization:	
   283                           ;End of C runtime variable initialization code
   284                           
   285  07FC                     __end_of__initialization:
   286  07FC  0183               	clrf	3
   287  07FD  120A  118A  2F30   	ljmp	_main	;jump to C main() function
   288                           
   289                           	psect	cstackCOMMON
   290  0070                     __pcstackCOMMON:
   291  0070                     ?_lcd_hazirla:
   292  0070                     ?_lcd_yaz:	
   293                           ; 1 bytes @ 0x0
   294                           
   295  0070                     ?_veri_yolla:	
   296                           ; 1 bytes @ 0x0
   297                           
   298  0070                     ?_bekle:	
   299                           ; 1 bytes @ 0x0
   300                           
   301  0070                     ??_bekle:	
   302                           ; 1 bytes @ 0x0
   303                           
   304  0070                     ?_lcd_komut:	
   305                           ; 1 bytes @ 0x0
   306                           
   307  0070                     ?_lcd_sil:	
   308                           ; 1 bytes @ 0x0
   309                           
   310  0070                     ?_main:	
   311                           ; 1 bytes @ 0x0
   312                           
   313  0070                     ?___awmod:	
   314                           ; 2 bytes @ 0x0
   315                           
   316  0070                     ___awmod@divisor:	
   317                           ; 2 bytes @ 0x0
   318                           
   319                           
   320                           ; 2 bytes @ 0x0
   321  0070                     	ds	1
   322  0071                     ??_veri_yolla:
   323  0071                     ??_lcd_komut:	
   324                           ; 1 bytes @ 0x1
   325                           
   326                           
   327                           ; 1 bytes @ 0x1
   328  0071                     	ds	1
   329  0072                     lcd_komut@c:
   330  0072                     veri_yolla@c:	
   331                           ; 1 bytes @ 0x2
   332                           
   333  0072                     ___awmod@dividend:	
   334                           ; 1 bytes @ 0x2
   335                           
   336                           
   337                           ; 2 bytes @ 0x2
   338  0072                     	ds	1
   339  0073                     ?_lcd_gotoxy:
   340  0073                     ??_lcd_yaz:	
   341                           ; 1 bytes @ 0x3
   342                           
   343  0073                     ??_lcd_sil:	
   344                           ; 1 bytes @ 0x3
   345                           
   346  0073                     lcd_gotoxy@y:	
   347                           ; 1 bytes @ 0x3
   348                           
   349                           
   350                           ; 1 bytes @ 0x3
   351  0073                     	ds	1
   352  0074                     ??_lcd_gotoxy:
   353  0074                     ??___awmod:	
   354                           ; 1 bytes @ 0x4
   355                           
   356  0074                     lcd_yaz@s:	
   357                           ; 1 bytes @ 0x4
   358                           
   359  0074                     lcd_gotoxy@x:	
   360                           ; 1 bytes @ 0x4
   361                           
   362                           
   363                           ; 1 bytes @ 0x4
   364  0074                     	ds	1
   365  0075                     ??_lcd_hazirla:
   366  0075                     ___awmod@counter:	
   367                           ; 1 bytes @ 0x5
   368                           
   369                           
   370                           ; 1 bytes @ 0x5
   371  0075                     	ds	1
   372  0076                     ___awmod@sign:
   373                           
   374                           ; 1 bytes @ 0x6
   375  0076                     	ds	1
   376  0077                     ?___awdiv:
   377  0077                     ___awdiv@divisor:	
   378                           ; 2 bytes @ 0x7
   379                           
   380                           
   381                           ; 2 bytes @ 0x7
   382  0077                     	ds	2
   383  0079                     ___awdiv@dividend:
   384                           
   385                           ; 2 bytes @ 0x9
   386  0079                     	ds	2
   387  007B                     ??___awdiv:
   388                           
   389                           ; 1 bytes @ 0xB
   390  007B                     	ds	1
   391  007C                     main@deger:
   392                           
   393                           ; 2 bytes @ 0xC
   394  007C                     	ds	2
   395                           
   396                           	psect	cstackBANK0
   397  0020                     __pcstackBANK0:
   398  0020                     ___awdiv@counter:
   399                           
   400                           ; 1 bytes @ 0x0
   401  0020                     	ds	1
   402  0021                     ___awdiv@sign:
   403                           
   404                           ; 1 bytes @ 0x1
   405  0021                     	ds	1
   406  0022                     ___awdiv@quotient:
   407                           
   408                           ; 2 bytes @ 0x2
   409  0022                     	ds	2
   410  0024                     ??_main:
   411                           
   412                           ; 1 bytes @ 0x4
   413  0024                     	ds	6
   414                           
   415                           	psect	maintext
   416  0730                     __pmaintext:	
   417 ;;
   418 ;;Main: autosize = 0, tempsize = 6, incstack = 0, save=0
   419 ;;
   420 ;; *************** function _main *****************
   421 ;; Defined at:
   422 ;;		line 16 in file "PWM-Olusturma.c"
   423 ;; Parameters:    Size  Location     Type
   424 ;;		None
   425 ;; Auto vars:     Size  Location     Type
   426 ;;  deger           2   12[COMMON] int 
   427 ;;  duty            2    0        int 
   428 ;; Return value:  Size  Location     Type
   429 ;;                  2   34[None  ] int 
   430 ;; Registers used:
   431 ;;		wreg, fsr0l, fsr0h, status,2, status,0, pclath, cstack
   432 ;; Tracked objects:
   433 ;;		On entry : B00/0
   434 ;;		On exit  : 0/0
   435 ;;		Unchanged: 0/0
   436 ;; Data sizes:     COMMON   BANK0   BANK1   BANK3   BANK2
   437 ;;      Params:         0       0       0       0       0
   438 ;;      Locals:         2       0       0       0       0
   439 ;;      Temps:          0       6       0       0       0
   440 ;;      Totals:         2       6       0       0       0
   441 ;;Total ram usage:        8 bytes
   442 ;; Hardware stack levels required when called: 4
   443 ;; This function calls:
   444 ;;		___awdiv
   445 ;;		___awmod
   446 ;;		_lcd_gotoxy
   447 ;;		_lcd_hazirla
   448 ;;		_lcd_yaz
   449 ;;		_veri_yolla
   450 ;; This function is called by:
   451 ;;		Startup code after reset
   452 ;; This function uses a non-reentrant model
   453 ;;
   454                           
   455                           
   456                           ;psect for function _main
   457  0730                     _main:
   458  0730                     l986:	
   459                           ;incstack = 0
   460                           ; Regs used in _main: [wreg-fsr0h+status,2+status,0+pclath+cstack]
   461                           
   462                           
   463                           ;PWM-Olusturma.c: 18:     TRISB = 0x00;
   464  0730  1683               	bsf	3,5	;RP0=1, select bank1
   465  0731  1303               	bcf	3,6	;RP1=0, select bank1
   466  0732  0186               	clrf	6	;volatile
   467                           
   468                           ;PWM-Olusturma.c: 19:     TRISC = 0x00;
   469  0733  0187               	clrf	7	;volatile
   470                           
   471                           ;PWM-Olusturma.c: 21:     PORTB = 0x00;
   472  0734  1283               	bcf	3,5	;RP0=0, select bank0
   473  0735  1303               	bcf	3,6	;RP1=0, select bank0
   474  0736  0186               	clrf	6	;volatile
   475                           
   476                           ;PWM-Olusturma.c: 22:     PORTC = 0x00;
   477  0737  0187               	clrf	7	;volatile
   478  0738                     l988:
   479                           
   480                           ;PWM-Olusturma.c: 24:     CCP1CON = 0b00001111;
   481  0738  300F               	movlw	15
   482  0739  0097               	movwf	23	;volatile
   483  073A                     l990:
   484                           
   485                           ;PWM-Olusturma.c: 25:     T2CON = 0b00000101;
   486  073A  3005               	movlw	5
   487  073B  0092               	movwf	18	;volatile
   488                           
   489                           ;PWM-Olusturma.c: 26:     TMR2 = 0;
   490  073C  0191               	clrf	17	;volatile
   491  073D                     l992:
   492                           
   493                           ;PWM-Olusturma.c: 27:     PR2 = 100;
   494  073D  3064               	movlw	100
   495  073E  1683               	bsf	3,5	;RP0=1, select bank1
   496  073F  1303               	bcf	3,6	;RP1=0, select bank1
   497  0740  0092               	movwf	18	;volatile
   498  0741                     l994:
   499  0741                     l996:
   500                           
   501                           ;PWM-Olusturma.c: 31:     CCPR1L = duty>>2;
   502  0741  3032               	movlw	50
   503  0742  1283               	bcf	3,5	;RP0=0, select bank0
   504  0743  1303               	bcf	3,6	;RP1=0, select bank0
   505  0744  0095               	movwf	21	;volatile
   506  0745                     l998:
   507                           
   508                           ;PWM-Olusturma.c: 32:     CCP1Y = duty&1;
   509  0745  1217               	bcf	23,4	;volatile
   510  0746                     l1000:
   511                           
   512                           ;PWM-Olusturma.c: 33:     CCP1X = duty&2;
   513  0746  1297               	bcf	23,5	;volatile
   514  0747                     l1002:
   515                           
   516                           ;PWM-Olusturma.c: 35:     int16_t deger = (int16_t)(4*CCPR1L + CCP1Y+CCP1X);
   517  0747  0815               	movf	21,w	;volatile
   518  0748  00A4               	movwf	??_main
   519  0749  01A5               	clrf	??_main+1
   520  074A  1003               	clrc
   521  074B  0DA4               	rlf	??_main,f
   522  074C  0DA5               	rlf	??_main+1,f
   523  074D  1003               	clrc
   524  074E  0DA4               	rlf	??_main,f
   525  074F  0DA5               	rlf	??_main+1,f
   526  0750  1003               	clrc
   527  0751  1A17               	btfsc	23,4	;volatile
   528  0752  1403               	setc
   529  0753  3000               	movlw	0
   530  0754  1803               	skipnc
   531  0755  3001               	movlw	1
   532  0756  0724               	addwf	??_main,w
   533  0757  00A6               	movwf	??_main+2
   534  0758  3000               	movlw	0
   535  0759  1803               	skipnc
   536  075A  3001               	movlw	1
   537  075B  0725               	addwf	??_main+1,w
   538  075C  00A7               	movwf	??_main+3
   539  075D  1003               	clrc
   540  075E  1A97               	btfsc	23,5	;volatile
   541  075F  1403               	setc
   542  0760  3000               	movlw	0
   543  0761  1803               	skipnc
   544  0762  3001               	movlw	1
   545  0763  0726               	addwf	??_main+2,w
   546  0764  00A8               	movwf	??_main+4
   547  0765  3000               	movlw	0
   548  0766  1803               	skipnc
   549  0767  3001               	movlw	1
   550  0768  0727               	addwf	??_main+3,w
   551  0769  00A9               	movwf	??_main+5
   552  076A  0828               	movf	??_main+4,w
   553  076B  00FC               	movwf	main@deger
   554  076C  0829               	movf	??_main+5,w
   555  076D  00FD               	movwf	main@deger+1
   556  076E                     l1004:
   557                           
   558                           ;PWM-Olusturma.c: 37:     lcd_hazirla();
   559  076E  120A  118A  2630  120A  118A  	fcall	_lcd_hazirla
   560  0773                     l1006:
   561                           
   562                           ;PWM-Olusturma.c: 39:     lcd_gotoxy(1,1);
   563  0773  01F3               	clrf	lcd_gotoxy@y
   564  0774  0AF3               	incf	lcd_gotoxy@y,f
   565  0775  3001               	movlw	1
   566  0776  120A  118A  25A8  120A  118A  	fcall	_lcd_gotoxy
   567  077B                     l1008:
   568                           
   569                           ;PWM-Olusturma.c: 40:     lcd_yaz("Deger : ");
   570  077B  3001               	movlw	(low ((STR_1-__stringbase)| (0+32768)))& (0+255)
   571  077C  120A  118A  25C2  120A  118A  	fcall	_lcd_yaz
   572  0781                     l1010:
   573                           
   574                           ;PWM-Olusturma.c: 41:     veri_yolla((deger%10000)/1000+48);
   575  0781  30E8               	movlw	232
   576  0782  00F7               	movwf	___awdiv@divisor
   577  0783  3003               	movlw	3
   578  0784  00F8               	movwf	___awdiv@divisor+1
   579  0785  087D               	movf	main@deger+1,w
   580  0786  00F3               	movwf	___awmod@dividend+1
   581  0787  087C               	movf	main@deger,w
   582  0788  00F2               	movwf	___awmod@dividend
   583  0789  3010               	movlw	16
   584  078A  00F0               	movwf	___awmod@divisor
   585  078B  3027               	movlw	39
   586  078C  00F1               	movwf	___awmod@divisor+1
   587  078D  120A  118A  266E  120A  118A  	fcall	___awmod
   588  0792  0871               	movf	?___awmod+1,w
   589  0793  00FA               	movwf	___awdiv@dividend+1
   590  0794  0870               	movf	?___awmod,w
   591  0795  00F9               	movwf	___awdiv@dividend
   592  0796  120A  118A  26C7  120A  118A  	fcall	___awdiv
   593  079B  0877               	movf	?___awdiv,w
   594  079C  3E30               	addlw	48
   595  079D  120A  118A  260B  120A  118A  	fcall	_veri_yolla
   596  07A2                     l1012:
   597                           
   598                           ;PWM-Olusturma.c: 42:     veri_yolla((deger%1000)/100+48);
   599  07A2  3064               	movlw	100
   600  07A3  00F7               	movwf	___awdiv@divisor
   601  07A4  3000               	movlw	0
   602  07A5  00F8               	movwf	___awdiv@divisor+1
   603  07A6  087D               	movf	main@deger+1,w
   604  07A7  00F3               	movwf	___awmod@dividend+1
   605  07A8  087C               	movf	main@deger,w
   606  07A9  00F2               	movwf	___awmod@dividend
   607  07AA  30E8               	movlw	232
   608  07AB  00F0               	movwf	___awmod@divisor
   609  07AC  3003               	movlw	3
   610  07AD  00F1               	movwf	___awmod@divisor+1
   611  07AE  120A  118A  266E  120A  118A  	fcall	___awmod
   612  07B3  0871               	movf	?___awmod+1,w
   613  07B4  00FA               	movwf	___awdiv@dividend+1
   614  07B5  0870               	movf	?___awmod,w
   615  07B6  00F9               	movwf	___awdiv@dividend
   616  07B7  120A  118A  26C7  120A  118A  	fcall	___awdiv
   617  07BC  0877               	movf	?___awdiv,w
   618  07BD  3E30               	addlw	48
   619  07BE  120A  118A  260B  120A  118A  	fcall	_veri_yolla
   620  07C3                     l1014:
   621                           
   622                           ;PWM-Olusturma.c: 43:     veri_yolla((deger%100)/10+48);
   623  07C3  300A               	movlw	10
   624  07C4  00F7               	movwf	___awdiv@divisor
   625  07C5  3000               	movlw	0
   626  07C6  00F8               	movwf	___awdiv@divisor+1
   627  07C7  087D               	movf	main@deger+1,w
   628  07C8  00F3               	movwf	___awmod@dividend+1
   629  07C9  087C               	movf	main@deger,w
   630  07CA  00F2               	movwf	___awmod@dividend
   631  07CB  3064               	movlw	100
   632  07CC  00F0               	movwf	___awmod@divisor
   633  07CD  3000               	movlw	0
   634  07CE  00F1               	movwf	___awmod@divisor+1
   635  07CF  120A  118A  266E  120A  118A  	fcall	___awmod
   636  07D4  0871               	movf	?___awmod+1,w
   637  07D5  00FA               	movwf	___awdiv@dividend+1
   638  07D6  0870               	movf	?___awmod,w
   639  07D7  00F9               	movwf	___awdiv@dividend
   640  07D8  120A  118A  26C7  120A  118A  	fcall	___awdiv
   641  07DD  0877               	movf	?___awdiv,w
   642  07DE  3E30               	addlw	48
   643  07DF  120A  118A  260B  120A  118A  	fcall	_veri_yolla
   644  07E4                     l1016:
   645                           
   646                           ;PWM-Olusturma.c: 44:     veri_yolla((deger%10)+48);
   647  07E4  300A               	movlw	10
   648  07E5  00F0               	movwf	___awmod@divisor
   649  07E6  3000               	movlw	0
   650  07E7  00F1               	movwf	___awmod@divisor+1
   651  07E8  087D               	movf	main@deger+1,w
   652  07E9  00F3               	movwf	___awmod@dividend+1
   653  07EA  087C               	movf	main@deger,w
   654  07EB  00F2               	movwf	___awmod@dividend
   655  07EC  120A  118A  266E  120A  118A  	fcall	___awmod
   656  07F1  0870               	movf	?___awmod,w
   657  07F2  3E30               	addlw	48
   658  07F3  120A  118A  260B  120A  118A  	fcall	_veri_yolla
   659  07F8                     l35:	
   660                           ;PWM-Olusturma.c: 46:     while(1);
   661                           
   662  07F8                     l36:
   663  07F8  2FF8               	goto	l35
   664  07F9  120A  118A  2800   	ljmp	start
   665  07FC                     __end_of_main:
   666                           
   667                           	psect	text1
   668  05C2                     __ptext1:	
   669 ;; *************** function _lcd_yaz *****************
   670 ;; Defined at:
   671 ;;		line 38 in file "lcd_library.c"
   672 ;; Parameters:    Size  Location     Type
   673 ;;  s               1    wreg     PTR const unsigned char 
   674 ;;		 -> STR_1(9), 
   675 ;; Auto vars:     Size  Location     Type
   676 ;;  s               1    4[COMMON] PTR const unsigned char 
   677 ;;		 -> STR_1(9), 
   678 ;; Return value:  Size  Location     Type
   679 ;;                  1    wreg      void 
   680 ;; Registers used:
   681 ;;		wreg, fsr0l, fsr0h, status,2, status,0, pclath, cstack
   682 ;; Tracked objects:
   683 ;;		On entry : 0/0
   684 ;;		On exit  : 0/0
   685 ;;		Unchanged: 0/0
   686 ;; Data sizes:     COMMON   BANK0   BANK1   BANK3   BANK2
   687 ;;      Params:         0       0       0       0       0
   688 ;;      Locals:         1       0       0       0       0
   689 ;;      Temps:          1       0       0       0       0
   690 ;;      Totals:         2       0       0       0       0
   691 ;;Total ram usage:        2 bytes
   692 ;; Hardware stack levels used: 1
   693 ;; Hardware stack levels required when called: 2
   694 ;; This function calls:
   695 ;;		_bekle
   696 ;;		_veri_yolla
   697 ;; This function is called by:
   698 ;;		_main
   699 ;; This function uses a non-reentrant model
   700 ;;
   701                           
   702                           
   703                           ;psect for function _lcd_yaz
   704  05C2                     _lcd_yaz:
   705                           
   706                           ;incstack = 0
   707                           ; Regs used in _lcd_yaz: [wreg-fsr0h+status,2+status,0+pclath+cstack]
   708                           ;lcd_yaz@s stored from wreg
   709  05C2  00F4               	movwf	lcd_yaz@s
   710  05C3                     l896:
   711                           
   712                           ;lcd_library.c: 39:     bekle();
   713  05C3  120A  118A  2593  120A  118A  	fcall	_bekle
   714                           
   715                           ;lcd_library.c: 40:     while(*s){
   716  05C8  2DD9               	goto	l902
   717  05C9                     l898:
   718                           
   719                           ;lcd_library.c: 41:         veri_yolla(*s++);
   720  05C9  0874               	movf	lcd_yaz@s,w
   721  05CA  0084               	movwf	4
   722  05CB  120A  118A  2003  120A  118A  	fcall	stringdir
   723  05D0  120A  118A  260B  120A  118A  	fcall	_veri_yolla
   724  05D5                     l900:
   725  05D5  3001               	movlw	1
   726  05D6  00F3               	movwf	??_lcd_yaz
   727  05D7  0873               	movf	??_lcd_yaz,w
   728  05D8  07F4               	addwf	lcd_yaz@s,f
   729  05D9                     l902:
   730                           
   731                           ;lcd_library.c: 40:     while(*s){
   732  05D9  0874               	movf	lcd_yaz@s,w
   733  05DA  0084               	movwf	4
   734  05DB  120A  118A  2003  120A  118A  	fcall	stringdir
   735  05E0  3A00               	xorlw	0
   736  05E1  1D03               	skipz
   737  05E2  2DE4               	goto	u271
   738  05E3  2DE5               	goto	u270
   739  05E4                     u271:
   740  05E4  2DC9               	goto	l898
   741  05E5                     u270:
   742  05E5                     l66:
   743  05E5  0008               	return
   744  05E6                     __end_of_lcd_yaz:
   745                           
   746                           	psect	text2
   747  060B                     __ptext2:	
   748 ;; *************** function _veri_yolla *****************
   749 ;; Defined at:
   750 ;;		line 22 in file "lcd_library.c"
   751 ;; Parameters:    Size  Location     Type
   752 ;;  c               1    wreg     unsigned char 
   753 ;; Auto vars:     Size  Location     Type
   754 ;;  c               1    2[COMMON] unsigned char 
   755 ;; Return value:  Size  Location     Type
   756 ;;                  1    wreg      void 
   757 ;; Registers used:
   758 ;;		wreg, status,2, status,0, pclath, cstack
   759 ;; Tracked objects:
   760 ;;		On entry : 0/0
   761 ;;		On exit  : 0/0
   762 ;;		Unchanged: 0/0
   763 ;; Data sizes:     COMMON   BANK0   BANK1   BANK3   BANK2
   764 ;;      Params:         0       0       0       0       0
   765 ;;      Locals:         1       0       0       0       0
   766 ;;      Temps:          1       0       0       0       0
   767 ;;      Totals:         2       0       0       0       0
   768 ;;Total ram usage:        2 bytes
   769 ;; Hardware stack levels used: 1
   770 ;; Hardware stack levels required when called: 1
   771 ;; This function calls:
   772 ;;		_bekle
   773 ;; This function is called by:
   774 ;;		_main
   775 ;;		_lcd_yaz
   776 ;; This function uses a non-reentrant model
   777 ;;
   778                           
   779                           
   780                           ;psect for function _veri_yolla
   781  060B                     _veri_yolla:
   782                           
   783                           ;incstack = 0
   784                           ; Regs used in _veri_yolla: [wreg+status,2+status,0+pclath+cstack]
   785                           ;veri_yolla@c stored from wreg
   786  060B  00F2               	movwf	veri_yolla@c
   787  060C                     l860:
   788                           
   789                           ;lcd_library.c: 23:     RB1=0;
   790  060C  1283               	bcf	3,5	;RP0=0, select bank0
   791  060D  1303               	bcf	3,6	;RP1=0, select bank0
   792  060E  1086               	bcf	6,1	;volatile
   793                           
   794                           ;lcd_library.c: 24:     RB0=1;
   795  060F  1406               	bsf	6,0	;volatile
   796                           
   797                           ;lcd_library.c: 25:     RB2=1;
   798  0610  1506               	bsf	6,2	;volatile
   799  0611                     l862:
   800                           
   801                           ;lcd_library.c: 26:     PORTC = (c & 0xF0);
   802  0611  0872               	movf	veri_yolla@c,w
   803  0612  39F0               	andlw	240
   804  0613  0087               	movwf	7	;volatile
   805  0614                     l864:
   806                           
   807                           ;lcd_library.c: 27:     RB2=0;
   808  0614  1106               	bcf	6,2	;volatile
   809  0615                     l866:
   810                           
   811                           ;lcd_library.c: 28:     bekle();
   812  0615  120A  118A  2593  120A  118A  	fcall	_bekle
   813  061A                     l868:
   814                           
   815                           ;lcd_library.c: 29:     RB2=1;
   816  061A  1283               	bcf	3,5	;RP0=0, select bank0
   817  061B  1303               	bcf	3,6	;RP1=0, select bank0
   818  061C  1506               	bsf	6,2	;volatile
   819  061D                     l870:
   820                           
   821                           ;lcd_library.c: 30:     PORTC = ( (c & 0x0F)<<4 );
   822  061D  0872               	movf	veri_yolla@c,w
   823  061E  390F               	andlw	15
   824  061F  00F1               	movwf	??_veri_yolla
   825  0620  3003               	movlw	3
   826  0621                     u255:
   827  0621  1003               	clrc
   828  0622  0DF1               	rlf	??_veri_yolla,f
   829  0623  3EFF               	addlw	-1
   830  0624  1D03               	skipz
   831  0625  2E21               	goto	u255
   832  0626  1003               	clrc
   833  0627  0D71               	rlf	??_veri_yolla,w
   834  0628  0087               	movwf	7	;volatile
   835  0629                     l872:
   836                           
   837                           ;lcd_library.c: 31:     RB2=0;
   838  0629  1106               	bcf	6,2	;volatile
   839  062A                     l874:
   840                           
   841                           ;lcd_library.c: 32:     bekle();
   842  062A  120A  118A  2593  120A  118A  	fcall	_bekle
   843  062F                     l57:
   844  062F  0008               	return
   845  0630                     __end_of_veri_yolla:
   846                           
   847                           	psect	text3
   848  0630                     __ptext3:	
   849 ;; *************** function _lcd_hazirla *****************
   850 ;; Defined at:
   851 ;;		line 50 in file "lcd_library.c"
   852 ;; Parameters:    Size  Location     Type
   853 ;;		None
   854 ;; Auto vars:     Size  Location     Type
   855 ;;		None
   856 ;; Return value:  Size  Location     Type
   857 ;;                  1    wreg      void 
   858 ;; Registers used:
   859 ;;		wreg, status,2, status,0, pclath, cstack
   860 ;; Tracked objects:
   861 ;;		On entry : 0/0
   862 ;;		On exit  : 0/0
   863 ;;		Unchanged: 0/0
   864 ;; Data sizes:     COMMON   BANK0   BANK1   BANK3   BANK2
   865 ;;      Params:         0       0       0       0       0
   866 ;;      Locals:         0       0       0       0       0
   867 ;;      Temps:          2       0       0       0       0
   868 ;;      Totals:         2       0       0       0       0
   869 ;;Total ram usage:        2 bytes
   870 ;; Hardware stack levels used: 1
   871 ;; Hardware stack levels required when called: 3
   872 ;; This function calls:
   873 ;;		_lcd_komut
   874 ;;		_lcd_sil
   875 ;; This function is called by:
   876 ;;		_main
   877 ;; This function uses a non-reentrant model
   878 ;;
   879                           
   880                           
   881                           ;psect for function _lcd_hazirla
   882  0630                     _lcd_hazirla:
   883  0630                     l880:	
   884                           ;incstack = 0
   885                           ; Regs used in _lcd_hazirla: [wreg+status,2+status,0+pclath+cstack]
   886                           
   887                           
   888                           ;lcd_library.c: 51:     RB0=0;
   889  0630  1283               	bcf	3,5	;RP0=0, select bank0
   890  0631  1303               	bcf	3,6	;RP1=0, select bank0
   891  0632  1006               	bcf	6,0	;volatile
   892                           
   893                           ;lcd_library.c: 52:     RB2=0;
   894  0633  1106               	bcf	6,2	;volatile
   895                           
   896                           ;lcd_library.c: 53:     RB1=0;
   897  0634  1086               	bcf	6,1	;volatile
   898  0635                     l882:
   899                           
   900                           ;lcd_library.c: 54:     _delay((unsigned long)((15)*(4000000/4000.0)));
   901  0635  3014               	movlw	20
   902  0636  00F6               	movwf	??_lcd_hazirla+1
   903  0637  3079               	movlw	121
   904  0638  00F5               	movwf	??_lcd_hazirla
   905  0639                     u477:
   906  0639  0BF5               	decfsz	??_lcd_hazirla,f
   907  063A  2E39               	goto	u477
   908  063B  0BF6               	decfsz	??_lcd_hazirla+1,f
   909  063C  2E39               	goto	u477
   910  063D  2E3E               	nop2
   911  063E                     l884:
   912                           
   913                           ;lcd_library.c: 55:     RB2=1;
   914  063E  1283               	bcf	3,5	;RP0=0, select bank0
   915  063F  1303               	bcf	3,6	;RP1=0, select bank0
   916  0640  1506               	bsf	6,2	;volatile
   917  0641                     l886:
   918                           
   919                           ;lcd_library.c: 56:     lcd_komut(0x02);
   920  0641  3002               	movlw	2
   921  0642  120A  118A  25E6  120A  118A  	fcall	_lcd_komut
   922  0647                     l888:
   923                           
   924                           ;lcd_library.c: 57:     _delay((unsigned long)((2)*(4000000/4000.0)));
   925  0647  3003               	movlw	3
   926  0648  00F6               	movwf	??_lcd_hazirla+1
   927  0649  3097               	movlw	151
   928  064A  00F5               	movwf	??_lcd_hazirla
   929  064B                     u487:
   930  064B  0BF5               	decfsz	??_lcd_hazirla,f
   931  064C  2E4B               	goto	u487
   932  064D  0BF6               	decfsz	??_lcd_hazirla+1,f
   933  064E  2E4B               	goto	u487
   934  064F  2E50               	nop2
   935                           
   936                           ;lcd_library.c: 58:     lcd_komut(40);
   937  0650  3028               	movlw	40
   938  0651  120A  118A  25E6  120A  118A  	fcall	_lcd_komut
   939                           
   940                           ;lcd_library.c: 59:     lcd_komut(6);
   941  0656  3006               	movlw	6
   942  0657  120A  118A  25E6  120A  118A  	fcall	_lcd_komut
   943                           
   944                           ;lcd_library.c: 60:     lcd_komut(12);
   945  065C  300C               	movlw	12
   946  065D  120A  118A  25E6  120A  118A  	fcall	_lcd_komut
   947                           
   948                           ;lcd_library.c: 61:     lcd_sil();
   949  0662  120A  118A  2598  120A  118A  	fcall	_lcd_sil
   950                           
   951                           ;lcd_library.c: 62:     lcd_komut(128);
   952  0667  3080               	movlw	128
   953  0668  120A  118A  25E6  120A  118A  	fcall	_lcd_komut
   954  066D                     l74:
   955  066D  0008               	return
   956  066E                     __end_of_lcd_hazirla:
   957                           
   958                           	psect	text4
   959  0598                     __ptext4:	
   960 ;; *************** function _lcd_sil *****************
   961 ;; Defined at:
   962 ;;		line 34 in file "lcd_library.c"
   963 ;; Parameters:    Size  Location     Type
   964 ;;		None
   965 ;; Auto vars:     Size  Location     Type
   966 ;;		None
   967 ;; Return value:  Size  Location     Type
   968 ;;                  1    wreg      void 
   969 ;; Registers used:
   970 ;;		wreg, status,2, status,0, pclath, cstack
   971 ;; Tracked objects:
   972 ;;		On entry : 0/0
   973 ;;		On exit  : 0/0
   974 ;;		Unchanged: 0/0
   975 ;; Data sizes:     COMMON   BANK0   BANK1   BANK3   BANK2
   976 ;;      Params:         0       0       0       0       0
   977 ;;      Locals:         0       0       0       0       0
   978 ;;      Temps:          2       0       0       0       0
   979 ;;      Totals:         2       0       0       0       0
   980 ;;Total ram usage:        2 bytes
   981 ;; Hardware stack levels used: 1
   982 ;; Hardware stack levels required when called: 2
   983 ;; This function calls:
   984 ;;		_lcd_komut
   985 ;; This function is called by:
   986 ;;		_lcd_hazirla
   987 ;; This function uses a non-reentrant model
   988 ;;
   989                           
   990                           
   991                           ;psect for function _lcd_sil
   992  0598                     _lcd_sil:
   993  0598                     l876:	
   994                           ;incstack = 0
   995                           ; Regs used in _lcd_sil: [wreg+status,2+status,0+pclath+cstack]
   996                           
   997                           
   998                           ;lcd_library.c: 35:     lcd_komut(1);
   999  0598  3001               	movlw	1
  1000  0599  120A  118A  25E6  120A  118A  	fcall	_lcd_komut
  1001  059E                     l878:
  1002                           
  1003                           ;lcd_library.c: 36:     _delay((unsigned long)((2)*(4000000/4000.0)));
  1004  059E  3003               	movlw	3
  1005  059F  00F4               	movwf	??_lcd_sil+1
  1006  05A0  3097               	movlw	151
  1007  05A1  00F3               	movwf	??_lcd_sil
  1008  05A2                     u497:
  1009  05A2  0BF3               	decfsz	??_lcd_sil,f
  1010  05A3  2DA2               	goto	u497
  1011  05A4  0BF4               	decfsz	??_lcd_sil+1,f
  1012  05A5  2DA2               	goto	u497
  1013  05A6  2DA7               	nop2
  1014  05A7                     l60:
  1015  05A7  0008               	return
  1016  05A8                     __end_of_lcd_sil:
  1017                           
  1018                           	psect	text5
  1019  05A8                     __ptext5:	
  1020 ;; *************** function _lcd_gotoxy *****************
  1021 ;; Defined at:
  1022 ;;		line 44 in file "lcd_library.c"
  1023 ;; Parameters:    Size  Location     Type
  1024 ;;  x               1    wreg     unsigned char 
  1025 ;;  y               1    3[COMMON] unsigned char 
  1026 ;; Auto vars:     Size  Location     Type
  1027 ;;  x               1    4[COMMON] unsigned char 
  1028 ;; Return value:  Size  Location     Type
  1029 ;;                  1    wreg      void 
  1030 ;; Registers used:
  1031 ;;		wreg, status,2, status,0, pclath, cstack
  1032 ;; Tracked objects:
  1033 ;;		On entry : 0/0
  1034 ;;		On exit  : 0/0
  1035 ;;		Unchanged: 0/0
  1036 ;; Data sizes:     COMMON   BANK0   BANK1   BANK3   BANK2
  1037 ;;      Params:         1       0       0       0       0
  1038 ;;      Locals:         1       0       0       0       0
  1039 ;;      Temps:          0       0       0       0       0
  1040 ;;      Totals:         2       0       0       0       0
  1041 ;;Total ram usage:        2 bytes
  1042 ;; Hardware stack levels used: 1
  1043 ;; Hardware stack levels required when called: 2
  1044 ;; This function calls:
  1045 ;;		_lcd_komut
  1046 ;; This function is called by:
  1047 ;;		_main
  1048 ;; This function uses a non-reentrant model
  1049 ;;
  1050                           
  1051                           
  1052                           ;psect for function _lcd_gotoxy
  1053  05A8                     _lcd_gotoxy:
  1054                           
  1055                           ;incstack = 0
  1056                           ; Regs used in _lcd_gotoxy: [wreg+status,2+status,0+pclath+cstack]
  1057                           ;lcd_gotoxy@x stored from wreg
  1058  05A8  00F4               	movwf	lcd_gotoxy@x
  1059  05A9                     l890:
  1060                           
  1061                           ;lcd_library.c: 45:     if(x==1)
  1062  05A9  0374               	decf	lcd_gotoxy@x,w
  1063  05AA  1D03               	btfss	3,2
  1064  05AB  2DAD               	goto	u261
  1065  05AC  2DAE               	goto	u260
  1066  05AD                     u261:
  1067  05AD  2DB8               	goto	l894
  1068  05AE                     u260:
  1069  05AE                     l892:
  1070                           
  1071                           ;lcd_library.c: 46:         lcd_komut(0x80+((y-1)%16));
  1072  05AE  0873               	movf	lcd_gotoxy@y,w
  1073  05AF  3EFF               	addlw	255
  1074  05B0  390F               	andlw	15
  1075  05B1  3E80               	addlw	128
  1076  05B2  120A  118A  25E6  120A  118A  	fcall	_lcd_komut
  1077  05B7  2DC1               	goto	l71
  1078  05B8                     l894:
  1079                           
  1080                           ;lcd_library.c: 48:         lcd_komut(0xC0+((y-1)%16));
  1081  05B8  0873               	movf	lcd_gotoxy@y,w
  1082  05B9  3EFF               	addlw	255
  1083  05BA  390F               	andlw	15
  1084  05BB  3EC0               	addlw	192
  1085  05BC  120A  118A  25E6  120A  118A  	fcall	_lcd_komut
  1086  05C1                     l71:
  1087  05C1  0008               	return
  1088  05C2                     __end_of_lcd_gotoxy:
  1089                           
  1090                           	psect	text6
  1091  05E6                     __ptext6:	
  1092 ;; *************** function _lcd_komut *****************
  1093 ;; Defined at:
  1094 ;;		line 10 in file "lcd_library.c"
  1095 ;; Parameters:    Size  Location     Type
  1096 ;;  c               1    wreg     unsigned char 
  1097 ;; Auto vars:     Size  Location     Type
  1098 ;;  c               1    2[COMMON] unsigned char 
  1099 ;; Return value:  Size  Location     Type
  1100 ;;                  1    wreg      void 
  1101 ;; Registers used:
  1102 ;;		wreg, status,2, status,0, pclath, cstack
  1103 ;; Tracked objects:
  1104 ;;		On entry : 0/0
  1105 ;;		On exit  : 0/0
  1106 ;;		Unchanged: 0/0
  1107 ;; Data sizes:     COMMON   BANK0   BANK1   BANK3   BANK2
  1108 ;;      Params:         0       0       0       0       0
  1109 ;;      Locals:         1       0       0       0       0
  1110 ;;      Temps:          1       0       0       0       0
  1111 ;;      Totals:         2       0       0       0       0
  1112 ;;Total ram usage:        2 bytes
  1113 ;; Hardware stack levels used: 1
  1114 ;; Hardware stack levels required when called: 1
  1115 ;; This function calls:
  1116 ;;		_bekle
  1117 ;; This function is called by:
  1118 ;;		_lcd_sil
  1119 ;;		_lcd_gotoxy
  1120 ;;		_lcd_hazirla
  1121 ;; This function uses a non-reentrant model
  1122 ;;
  1123                           
  1124                           
  1125                           ;psect for function _lcd_komut
  1126  05E6                     _lcd_komut:
  1127                           
  1128                           ;incstack = 0
  1129                           ; Regs used in _lcd_komut: [wreg+status,2+status,0+pclath+cstack]
  1130                           ;lcd_komut@c stored from wreg
  1131  05E6  00F2               	movwf	lcd_komut@c
  1132  05E7                     l844:
  1133                           
  1134                           ;lcd_library.c: 11:     RB1=0;
  1135  05E7  1283               	bcf	3,5	;RP0=0, select bank0
  1136  05E8  1303               	bcf	3,6	;RP1=0, select bank0
  1137  05E9  1086               	bcf	6,1	;volatile
  1138                           
  1139                           ;lcd_library.c: 12:     RB0=0;
  1140  05EA  1006               	bcf	6,0	;volatile
  1141                           
  1142                           ;lcd_library.c: 13:     RB2=1;
  1143  05EB  1506               	bsf	6,2	;volatile
  1144  05EC                     l846:
  1145                           
  1146                           ;lcd_library.c: 14:     PORTC = (c & 0xF0);
  1147  05EC  0872               	movf	lcd_komut@c,w
  1148  05ED  39F0               	andlw	240
  1149  05EE  0087               	movwf	7	;volatile
  1150  05EF                     l848:
  1151                           
  1152                           ;lcd_library.c: 15:     RB2=0;
  1153  05EF  1106               	bcf	6,2	;volatile
  1154  05F0                     l850:
  1155                           
  1156                           ;lcd_library.c: 16:     bekle();
  1157  05F0  120A  118A  2593  120A  118A  	fcall	_bekle
  1158  05F5                     l852:
  1159                           
  1160                           ;lcd_library.c: 17:     RB2=1;
  1161  05F5  1283               	bcf	3,5	;RP0=0, select bank0
  1162  05F6  1303               	bcf	3,6	;RP1=0, select bank0
  1163  05F7  1506               	bsf	6,2	;volatile
  1164  05F8                     l854:
  1165                           
  1166                           ;lcd_library.c: 18:     PORTC = ( (c & 0x0F)<<4 );
  1167  05F8  0872               	movf	lcd_komut@c,w
  1168  05F9  390F               	andlw	15
  1169  05FA  00F1               	movwf	??_lcd_komut
  1170  05FB  3003               	movlw	3
  1171  05FC                     u245:
  1172  05FC  1003               	clrc
  1173  05FD  0DF1               	rlf	??_lcd_komut,f
  1174  05FE  3EFF               	addlw	-1
  1175  05FF  1D03               	skipz
  1176  0600  2DFC               	goto	u245
  1177  0601  1003               	clrc
  1178  0602  0D71               	rlf	??_lcd_komut,w
  1179  0603  0087               	movwf	7	;volatile
  1180  0604                     l856:
  1181                           
  1182                           ;lcd_library.c: 19:     RB2=0;
  1183  0604  1106               	bcf	6,2	;volatile
  1184  0605                     l858:
  1185                           
  1186                           ;lcd_library.c: 20:     bekle();
  1187  0605  120A  118A  2593  120A  118A  	fcall	_bekle
  1188  060A                     l54:
  1189  060A  0008               	return
  1190  060B                     __end_of_lcd_komut:
  1191                           
  1192                           	psect	text7
  1193  0593                     __ptext7:	
  1194 ;; *************** function _bekle *****************
  1195 ;; Defined at:
  1196 ;;		line 7 in file "lcd_library.c"
  1197 ;; Parameters:    Size  Location     Type
  1198 ;;		None
  1199 ;; Auto vars:     Size  Location     Type
  1200 ;;		None
  1201 ;; Return value:  Size  Location     Type
  1202 ;;                  1    wreg      void 
  1203 ;; Registers used:
  1204 ;;		wreg
  1205 ;; Tracked objects:
  1206 ;;		On entry : 0/0
  1207 ;;		On exit  : 0/0
  1208 ;;		Unchanged: 0/0
  1209 ;; Data sizes:     COMMON   BANK0   BANK1   BANK3   BANK2
  1210 ;;      Params:         0       0       0       0       0
  1211 ;;      Locals:         0       0       0       0       0
  1212 ;;      Temps:          1       0       0       0       0
  1213 ;;      Totals:         1       0       0       0       0
  1214 ;;Total ram usage:        1 bytes
  1215 ;; Hardware stack levels used: 1
  1216 ;; This function calls:
  1217 ;;		Nothing
  1218 ;; This function is called by:
  1219 ;;		_lcd_komut
  1220 ;;		_veri_yolla
  1221 ;;		_lcd_yaz
  1222 ;; This function uses a non-reentrant model
  1223 ;;
  1224                           
  1225                           
  1226                           ;psect for function _bekle
  1227  0593                     _bekle:
  1228  0593                     l842:	
  1229                           ;incstack = 0
  1230                           ; Regs used in _bekle: [wreg]
  1231                           
  1232                           
  1233                           ;lcd_library.c: 8:     _delay((unsigned long)((250)*(4000000/4000000.0)));
  1234  0593  3053               	movlw	83
  1235  0594  00F0               	movwf	??_bekle
  1236  0595                     u507:
  1237  0595  0BF0               	decfsz	??_bekle,f
  1238  0596  2D95               	goto	u507
  1239  0597                     l51:
  1240  0597  0008               	return
  1241  0598                     __end_of_bekle:
  1242                           
  1243                           	psect	text8
  1244  066E                     __ptext8:	
  1245 ;; *************** function ___awmod *****************
  1246 ;; Defined at:
  1247 ;;		line 5 in file "C:\Program Files\Microchip\xc8\v2.32\pic\sources\c90\common\awmod.c"
  1248 ;; Parameters:    Size  Location     Type
  1249 ;;  divisor         2    0[COMMON] int 
  1250 ;;  dividend        2    2[COMMON] int 
  1251 ;; Auto vars:     Size  Location     Type
  1252 ;;  sign            1    6[COMMON] unsigned char 
  1253 ;;  counter         1    5[COMMON] unsigned char 
  1254 ;; Return value:  Size  Location     Type
  1255 ;;                  2    0[COMMON] int 
  1256 ;; Registers used:
  1257 ;;		wreg, status,2, status,0
  1258 ;; Tracked objects:
  1259 ;;		On entry : 0/0
  1260 ;;		On exit  : 0/0
  1261 ;;		Unchanged: 0/0
  1262 ;; Data sizes:     COMMON   BANK0   BANK1   BANK3   BANK2
  1263 ;;      Params:         4       0       0       0       0
  1264 ;;      Locals:         2       0       0       0       0
  1265 ;;      Temps:          1       0       0       0       0
  1266 ;;      Totals:         7       0       0       0       0
  1267 ;;Total ram usage:        7 bytes
  1268 ;; Hardware stack levels used: 1
  1269 ;; This function calls:
  1270 ;;		Nothing
  1271 ;; This function is called by:
  1272 ;;		_main
  1273 ;; This function uses a non-reentrant model
  1274 ;;
  1275                           
  1276                           
  1277                           ;psect for function ___awmod
  1278  066E                     ___awmod:
  1279  066E                     l948:	
  1280                           ;incstack = 0
  1281                           ; Regs used in ___awmod: [wreg+status,2+status,0]
  1282                           
  1283  066E  01F6               	clrf	___awmod@sign
  1284  066F                     l950:
  1285  066F  1FF3               	btfss	___awmod@dividend+1,7
  1286  0670  2E72               	goto	u381
  1287  0671  2E73               	goto	u380
  1288  0672                     u381:
  1289  0672  2E7A               	goto	l956
  1290  0673                     u380:
  1291  0673                     l952:
  1292  0673  09F2               	comf	___awmod@dividend,f
  1293  0674  09F3               	comf	___awmod@dividend+1,f
  1294  0675  0AF2               	incf	___awmod@dividend,f
  1295  0676  1903               	skipnz
  1296  0677  0AF3               	incf	___awmod@dividend+1,f
  1297  0678                     l954:
  1298  0678  01F6               	clrf	___awmod@sign
  1299  0679  0AF6               	incf	___awmod@sign,f
  1300  067A                     l956:
  1301  067A  1FF1               	btfss	___awmod@divisor+1,7
  1302  067B  2E7D               	goto	u391
  1303  067C  2E7E               	goto	u390
  1304  067D                     u391:
  1305  067D  2E83               	goto	l960
  1306  067E                     u390:
  1307  067E                     l958:
  1308  067E  09F0               	comf	___awmod@divisor,f
  1309  067F  09F1               	comf	___awmod@divisor+1,f
  1310  0680  0AF0               	incf	___awmod@divisor,f
  1311  0681  1903               	skipnz
  1312  0682  0AF1               	incf	___awmod@divisor+1,f
  1313  0683                     l960:
  1314  0683  0870               	movf	___awmod@divisor,w
  1315  0684  0471               	iorwf	___awmod@divisor+1,w
  1316  0685  1903               	btfsc	3,2
  1317  0686  2E88               	goto	u401
  1318  0687  2E89               	goto	u400
  1319  0688                     u401:
  1320  0688  2EB8               	goto	l978
  1321  0689                     u400:
  1322  0689                     l962:
  1323  0689  01F5               	clrf	___awmod@counter
  1324  068A  0AF5               	incf	___awmod@counter,f
  1325  068B  2E97               	goto	l968
  1326  068C                     l964:
  1327  068C  3001               	movlw	1
  1328  068D                     u415:
  1329  068D  1003               	clrc
  1330  068E  0DF0               	rlf	___awmod@divisor,f
  1331  068F  0DF1               	rlf	___awmod@divisor+1,f
  1332  0690  3EFF               	addlw	-1
  1333  0691  1D03               	skipz
  1334  0692  2E8D               	goto	u415
  1335  0693                     l966:
  1336  0693  3001               	movlw	1
  1337  0694  00F4               	movwf	??___awmod
  1338  0695  0874               	movf	??___awmod,w
  1339  0696  07F5               	addwf	___awmod@counter,f
  1340  0697                     l968:
  1341  0697  1FF1               	btfss	___awmod@divisor+1,7
  1342  0698  2E9A               	goto	u421
  1343  0699  2E9B               	goto	u420
  1344  069A                     u421:
  1345  069A  2E8C               	goto	l964
  1346  069B                     u420:
  1347  069B                     l970:
  1348  069B  0871               	movf	___awmod@divisor+1,w
  1349  069C  0273               	subwf	___awmod@dividend+1,w
  1350  069D  1D03               	skipz
  1351  069E  2EA1               	goto	u435
  1352  069F  0870               	movf	___awmod@divisor,w
  1353  06A0  0272               	subwf	___awmod@dividend,w
  1354  06A1                     u435:
  1355  06A1  1C03               	skipc
  1356  06A2  2EA4               	goto	u431
  1357  06A3  2EA5               	goto	u430
  1358  06A4                     u431:
  1359  06A4  2EAB               	goto	l974
  1360  06A5                     u430:
  1361  06A5                     l972:
  1362  06A5  0870               	movf	___awmod@divisor,w
  1363  06A6  02F2               	subwf	___awmod@dividend,f
  1364  06A7  0871               	movf	___awmod@divisor+1,w
  1365  06A8  1C03               	skipc
  1366  06A9  03F3               	decf	___awmod@dividend+1,f
  1367  06AA  02F3               	subwf	___awmod@dividend+1,f
  1368  06AB                     l974:
  1369  06AB  3001               	movlw	1
  1370  06AC                     u445:
  1371  06AC  1003               	clrc
  1372  06AD  0CF1               	rrf	___awmod@divisor+1,f
  1373  06AE  0CF0               	rrf	___awmod@divisor,f
  1374  06AF  3EFF               	addlw	-1
  1375  06B0  1D03               	skipz
  1376  06B1  2EAC               	goto	u445
  1377  06B2                     l976:
  1378  06B2  3001               	movlw	1
  1379  06B3  02F5               	subwf	___awmod@counter,f
  1380  06B4  1D03               	btfss	3,2
  1381  06B5  2EB7               	goto	u451
  1382  06B6  2EB8               	goto	u450
  1383  06B7                     u451:
  1384  06B7  2E9B               	goto	l970
  1385  06B8                     u450:
  1386  06B8                     l978:
  1387  06B8  0876               	movf	___awmod@sign,w
  1388  06B9  1903               	btfsc	3,2
  1389  06BA  2EBC               	goto	u461
  1390  06BB  2EBD               	goto	u460
  1391  06BC                     u461:
  1392  06BC  2EC2               	goto	l982
  1393  06BD                     u460:
  1394  06BD                     l980:
  1395  06BD  09F2               	comf	___awmod@dividend,f
  1396  06BE  09F3               	comf	___awmod@dividend+1,f
  1397  06BF  0AF2               	incf	___awmod@dividend,f
  1398  06C0  1903               	skipnz
  1399  06C1  0AF3               	incf	___awmod@dividend+1,f
  1400  06C2                     l982:
  1401  06C2  0873               	movf	___awmod@dividend+1,w
  1402  06C3  00F1               	movwf	?___awmod+1
  1403  06C4  0872               	movf	___awmod@dividend,w
  1404  06C5  00F0               	movwf	?___awmod
  1405  06C6                     l326:
  1406  06C6  0008               	return
  1407  06C7                     __end_of___awmod:
  1408                           
  1409                           	psect	text9
  1410  06C7                     __ptext9:	
  1411 ;; *************** function ___awdiv *****************
  1412 ;; Defined at:
  1413 ;;		line 5 in file "C:\Program Files\Microchip\xc8\v2.32\pic\sources\c90\common\awdiv.c"
  1414 ;; Parameters:    Size  Location     Type
  1415 ;;  divisor         2    7[COMMON] int 
  1416 ;;  dividend        2    9[COMMON] int 
  1417 ;; Auto vars:     Size  Location     Type
  1418 ;;  quotient        2    2[BANK0 ] int 
  1419 ;;  sign            1    1[BANK0 ] unsigned char 
  1420 ;;  counter         1    0[BANK0 ] unsigned char 
  1421 ;; Return value:  Size  Location     Type
  1422 ;;                  2    7[COMMON] int 
  1423 ;; Registers used:
  1424 ;;		wreg, status,2, status,0
  1425 ;; Tracked objects:
  1426 ;;		On entry : 0/0
  1427 ;;		On exit  : 0/0
  1428 ;;		Unchanged: 0/0
  1429 ;; Data sizes:     COMMON   BANK0   BANK1   BANK3   BANK2
  1430 ;;      Params:         4       0       0       0       0
  1431 ;;      Locals:         0       4       0       0       0
  1432 ;;      Temps:          1       0       0       0       0
  1433 ;;      Totals:         5       4       0       0       0
  1434 ;;Total ram usage:        9 bytes
  1435 ;; Hardware stack levels used: 1
  1436 ;; This function calls:
  1437 ;;		Nothing
  1438 ;; This function is called by:
  1439 ;;		_main
  1440 ;; This function uses a non-reentrant model
  1441 ;;
  1442                           
  1443                           
  1444                           ;psect for function ___awdiv
  1445  06C7                     ___awdiv:
  1446  06C7                     l904:	
  1447                           ;incstack = 0
  1448                           ; Regs used in ___awdiv: [wreg+status,2+status,0]
  1449                           
  1450  06C7  1283               	bcf	3,5	;RP0=0, select bank0
  1451  06C8  1303               	bcf	3,6	;RP1=0, select bank0
  1452  06C9  01A1               	clrf	___awdiv@sign
  1453  06CA                     l906:
  1454  06CA  1FF8               	btfss	___awdiv@divisor+1,7
  1455  06CB  2ECD               	goto	u281
  1456  06CC  2ECE               	goto	u280
  1457  06CD                     u281:
  1458  06CD  2ED5               	goto	l912
  1459  06CE                     u280:
  1460  06CE                     l908:
  1461  06CE  09F7               	comf	___awdiv@divisor,f
  1462  06CF  09F8               	comf	___awdiv@divisor+1,f
  1463  06D0  0AF7               	incf	___awdiv@divisor,f
  1464  06D1  1903               	skipnz
  1465  06D2  0AF8               	incf	___awdiv@divisor+1,f
  1466  06D3                     l910:
  1467  06D3  01A1               	clrf	___awdiv@sign
  1468  06D4  0AA1               	incf	___awdiv@sign,f
  1469  06D5                     l912:
  1470  06D5  1FFA               	btfss	___awdiv@dividend+1,7
  1471  06D6  2ED8               	goto	u291
  1472  06D7  2ED9               	goto	u290
  1473  06D8                     u291:
  1474  06D8  2EE2               	goto	l918
  1475  06D9                     u290:
  1476  06D9                     l914:
  1477  06D9  09F9               	comf	___awdiv@dividend,f
  1478  06DA  09FA               	comf	___awdiv@dividend+1,f
  1479  06DB  0AF9               	incf	___awdiv@dividend,f
  1480  06DC  1903               	skipnz
  1481  06DD  0AFA               	incf	___awdiv@dividend+1,f
  1482  06DE                     l916:
  1483  06DE  3001               	movlw	1
  1484  06DF  00FB               	movwf	??___awdiv
  1485  06E0  087B               	movf	??___awdiv,w
  1486  06E1  06A1               	xorwf	___awdiv@sign,f
  1487  06E2                     l918:
  1488  06E2  01A2               	clrf	___awdiv@quotient
  1489  06E3  01A3               	clrf	___awdiv@quotient+1
  1490  06E4                     l920:
  1491  06E4  0877               	movf	___awdiv@divisor,w
  1492  06E5  0478               	iorwf	___awdiv@divisor+1,w
  1493  06E6  1903               	btfsc	3,2
  1494  06E7  2EE9               	goto	u301
  1495  06E8  2EEA               	goto	u300
  1496  06E9                     u301:
  1497  06E9  2F21               	goto	l940
  1498  06EA                     u300:
  1499  06EA                     l922:
  1500  06EA  01A0               	clrf	___awdiv@counter
  1501  06EB  0AA0               	incf	___awdiv@counter,f
  1502  06EC  2EF8               	goto	l928
  1503  06ED                     l924:
  1504  06ED  3001               	movlw	1
  1505  06EE                     u315:
  1506  06EE  1003               	clrc
  1507  06EF  0DF7               	rlf	___awdiv@divisor,f
  1508  06F0  0DF8               	rlf	___awdiv@divisor+1,f
  1509  06F1  3EFF               	addlw	-1
  1510  06F2  1D03               	skipz
  1511  06F3  2EEE               	goto	u315
  1512  06F4                     l926:
  1513  06F4  3001               	movlw	1
  1514  06F5  00FB               	movwf	??___awdiv
  1515  06F6  087B               	movf	??___awdiv,w
  1516  06F7  07A0               	addwf	___awdiv@counter,f
  1517  06F8                     l928:
  1518  06F8  1FF8               	btfss	___awdiv@divisor+1,7
  1519  06F9  2EFB               	goto	u321
  1520  06FA  2EFC               	goto	u320
  1521  06FB                     u321:
  1522  06FB  2EED               	goto	l924
  1523  06FC                     u320:
  1524  06FC                     l930:
  1525  06FC  3001               	movlw	1
  1526  06FD                     u335:
  1527  06FD  1003               	clrc
  1528  06FE  0DA2               	rlf	___awdiv@quotient,f
  1529  06FF  0DA3               	rlf	___awdiv@quotient+1,f
  1530  0700  3EFF               	addlw	-1
  1531  0701  1D03               	skipz
  1532  0702  2EFD               	goto	u335
  1533  0703  0878               	movf	___awdiv@divisor+1,w
  1534  0704  027A               	subwf	___awdiv@dividend+1,w
  1535  0705  1D03               	skipz
  1536  0706  2F09               	goto	u345
  1537  0707  0877               	movf	___awdiv@divisor,w
  1538  0708  0279               	subwf	___awdiv@dividend,w
  1539  0709                     u345:
  1540  0709  1C03               	skipc
  1541  070A  2F0C               	goto	u341
  1542  070B  2F0D               	goto	u340
  1543  070C                     u341:
  1544  070C  2F14               	goto	l936
  1545  070D                     u340:
  1546  070D                     l932:
  1547  070D  0877               	movf	___awdiv@divisor,w
  1548  070E  02F9               	subwf	___awdiv@dividend,f
  1549  070F  0878               	movf	___awdiv@divisor+1,w
  1550  0710  1C03               	skipc
  1551  0711  03FA               	decf	___awdiv@dividend+1,f
  1552  0712  02FA               	subwf	___awdiv@dividend+1,f
  1553  0713                     l934:
  1554  0713  1422               	bsf	___awdiv@quotient,0
  1555  0714                     l936:
  1556  0714  3001               	movlw	1
  1557  0715                     u355:
  1558  0715  1003               	clrc
  1559  0716  0CF8               	rrf	___awdiv@divisor+1,f
  1560  0717  0CF7               	rrf	___awdiv@divisor,f
  1561  0718  3EFF               	addlw	-1
  1562  0719  1D03               	skipz
  1563  071A  2F15               	goto	u355
  1564  071B                     l938:
  1565  071B  3001               	movlw	1
  1566  071C  02A0               	subwf	___awdiv@counter,f
  1567  071D  1D03               	btfss	3,2
  1568  071E  2F20               	goto	u361
  1569  071F  2F21               	goto	u360
  1570  0720                     u361:
  1571  0720  2EFC               	goto	l930
  1572  0721                     u360:
  1573  0721                     l940:
  1574  0721  0821               	movf	___awdiv@sign,w
  1575  0722  1903               	btfsc	3,2
  1576  0723  2F25               	goto	u371
  1577  0724  2F26               	goto	u370
  1578  0725                     u371:
  1579  0725  2F2B               	goto	l944
  1580  0726                     u370:
  1581  0726                     l942:
  1582  0726  09A2               	comf	___awdiv@quotient,f
  1583  0727  09A3               	comf	___awdiv@quotient+1,f
  1584  0728  0AA2               	incf	___awdiv@quotient,f
  1585  0729  1903               	skipnz
  1586  072A  0AA3               	incf	___awdiv@quotient+1,f
  1587  072B                     l944:
  1588  072B  0823               	movf	___awdiv@quotient+1,w
  1589  072C  00F8               	movwf	?___awdiv+1
  1590  072D  0822               	movf	___awdiv@quotient,w
  1591  072E  00F7               	movwf	?___awdiv
  1592  072F                     l313:
  1593  072F  0008               	return
  1594  0730                     __end_of___awdiv:
  1595  007E                     btemp	set	126	;btemp
  1596  007E                     wtemp0	set	126
  1597                           
  1598                           	psect	config
  1599                           
  1600                           ;Config register CONFIG @ 0x2007
  1601                           ;	Oscillator Selection bits
  1602                           ;	FOSC = XT, XT oscillator
  1603                           ;	Watchdog Timer Enable bit
  1604                           ;	WDTE = OFF, WDT disabled
  1605                           ;	Power-up Timer Enable bit
  1606                           ;	PWRTE = OFF, PWRT disabled
  1607                           ;	Brown-out Reset Enable bit
  1608                           ;	BOREN = OFF, BOR disabled
  1609                           ;	Low-Voltage (Single-Supply) In-Circuit Serial Programming Enable bit
  1610                           ;	LVP = OFF, RB3 is digital I/O, HV on MCLR must be used for programming
  1611                           ;	Data EEPROM Memory Code Protection bit
  1612                           ;	CPD = OFF, Data EEPROM code protection off
  1613                           ;	Flash Program Memory Write Enable bits
  1614                           ;	WRT = OFF, Write protection off; all program memory may be written to by EECON control
  1615                           ;	In-Circuit Debugger Mode bit
  1616                           ;	DEBUG = 0x1, unprogrammed default
  1617                           ;	Flash Program Memory Code Protection bit
  1618                           ;	CP = OFF, Code protection off
  1619  2007                     	org	8199
  1620  2007  3F39               	dw	16185

Data Sizes:
    Strings     9
    Constant    0
    Data        0
    BSS         0
    Persistent  0
    Stack       0

Auto Spaces:
    Space          Size  Autos    Used
    COMMON           14     14      14
    BANK0            80     10      10
    BANK1            80      0       0
    BANK3            96      0       0
    BANK2            96      0       0

Pointer List with Targets:

    lcd_yaz@s	PTR const unsigned char  size(1) Largest target is 9
		 -> STR_1(CODE[9]), 


Critical Paths under _main in COMMON

    _main->___awdiv
    _lcd_yaz->_veri_yolla
    _veri_yolla->_bekle
    _lcd_hazirla->_lcd_sil
    _lcd_sil->_lcd_komut
    _lcd_gotoxy->_lcd_komut
    _lcd_komut->_bekle
    ___awdiv->___awmod

Critical Paths under _main in BANK0

    _main->___awdiv

Critical Paths under _main in BANK1

    None.

Critical Paths under _main in BANK3

    None.

Critical Paths under _main in BANK2

    None.

Call Graph Tables:

 ---------------------------------------------------------------------------------
 (Depth) Function   	        Calls       Base Space   Used Autos Params    Refs
 ---------------------------------------------------------------------------------
 (0) _main                                                10    10      0    2234
                                             12 COMMON     2     2      0
                                              4 BANK0      6     6      0
                            ___awdiv
                            ___awmod
                         _lcd_gotoxy
                        _lcd_hazirla
                            _lcd_yaz
                         _veri_yolla
 ---------------------------------------------------------------------------------
 (1) _lcd_yaz                                              2     2      0     122
                                              3 COMMON     2     2      0
                              _bekle
                         _veri_yolla
 ---------------------------------------------------------------------------------
 (1) _veri_yolla                                           2     2      0      44
                                              1 COMMON     2     2      0
                              _bekle
 ---------------------------------------------------------------------------------
 (1) _lcd_hazirla                                          2     2      0      88
                                              5 COMMON     2     2      0
                          _lcd_komut
                            _lcd_sil
 ---------------------------------------------------------------------------------
 (2) _lcd_sil                                              2     2      0      44
                                              3 COMMON     2     2      0
                          _lcd_komut
 ---------------------------------------------------------------------------------
 (1) _lcd_gotoxy                                           2     1      1     186
                                              3 COMMON     2     1      1
                          _lcd_komut
 ---------------------------------------------------------------------------------
 (3) _lcd_komut                                            2     2      0      44
                                              1 COMMON     2     2      0
                              _bekle
 ---------------------------------------------------------------------------------
 (2) _bekle                                                1     1      0       0
                                              0 COMMON     1     1      0
 ---------------------------------------------------------------------------------
 (1) ___awmod                                              7     3      4     904
                                              0 COMMON     7     3      4
 ---------------------------------------------------------------------------------
 (1) ___awdiv                                              9     5      4     756
                                              7 COMMON     5     1      4
                                              0 BANK0      4     4      0
                            ___awmod (ARG)
 ---------------------------------------------------------------------------------
 Estimated maximum stack depth 3
 ---------------------------------------------------------------------------------

 Call Graph Graphs:

 _main (ROOT)
   ___awdiv
     ___awmod (ARG)
   ___awmod
   _lcd_gotoxy
     _lcd_komut
       _bekle
   _lcd_hazirla
     _lcd_komut
     _lcd_sil
       _lcd_komut
   _lcd_yaz
     _bekle
     _veri_yolla
       _bekle
   _veri_yolla

 Address spaces:
Name               Size   Autos  Total    Cost      Usage
BITCOMMON            E      0       0       0        0.0%
EEDATA             100      0       0       0        0.0%
NULL                 0      0       0       0        0.0%
CODE                 0      0       0       0        0.0%
COMMON               E      E       E       1      100.0%
BITSFR0              0      0       0       1        0.0%
SFR0                 0      0       0       1        0.0%
BITSFR1              0      0       0       2        0.0%
SFR1                 0      0       0       2        0.0%
STACK                0      0       0       2        0.0%
ABS                  0      0       0       3        0.0%
BITBANK0            50      0       0       4        0.0%
BITSFR3              0      0       0       4        0.0%
SFR3                 0      0       0       4        0.0%
BANK0               50      A       A       5       12.5%
BITSFR2              0      0       0       5        0.0%
SFR2                 0      0       0       5        0.0%
BITBANK1            50      0       0       6        0.0%
BANK1               50      0       0       7        0.0%
BITBANK3            60      0       0       8        0.0%
BANK3               60      0       0       9        0.0%
BITBANK2            60      0       0      10        0.0%
BANK2               60      0       0      11        0.0%
DATA                 0      0       0      12        0.0%


Microchip Technology PIC Macro Assembler V2.32 build 20210201212658 
Symbol Table                                                                                   Wed Feb 02 15:43:31 2022

                      pc 0002                       l51 0597                       l35 07F8  
                     l60 05A7                       l36 07F8                       l54 060A  
                     l71 05C1                       l57 062F                       l74 066D  
                     l66 05E5             ___awdiv@sign 0021                       fsr 0004  
                    l313 072F                      l326 06C6                      l900 05D5  
                    l910 06D3                      l902 05D9                      l920 06E4  
                    l912 06D5                      l904 06C7                      l930 06FC  
                    l922 06EA                      l914 06D9                      l906 06CA  
                    l842 0593                      l850 05F0                      l932 070D  
                    l924 06ED                      l940 0721                      l916 06DE  
                    l908 06CE                      l852 05F5                      l844 05E7  
                    l860 060C                      l942 0726                      l934 0713  
                    l926 06F4                      l918 06E2                      l950 066F  
                    l854 05F8                      l846 05EC                      l870 061D  
                    l862 0611                      l944 072B                      l936 0714  
                    l928 06F8                      l960 0683                      l952 0673  
                    l856 0604                      l848 05EF                      l880 0630  
                    l872 0629                      l864 0614                      l938 071B  
                    l970 069B                      l962 0689                      l954 0678  
                    l858 0605                      l890 05A9                      l882 0635  
                    l874 062A                      l866 0615                      l980 06BD  
                    l972 06A5                      l964 068C                      l956 067A  
                    l948 066E                      l892 05AE                      l876 0598  
                    l884 063E                      l868 061A                      l982 06C2  
                    l974 06AB                      l966 0693                      l958 067E  
                    l894 05B8                      l878 059E                      l886 0641  
                    l990 073A                      l976 06B2                      l968 0697  
                    l888 0647                      l896 05C3                      l992 073D  
                    l978 06B8                      l898 05C9                      l994 0741  
                    l986 0730                      l996 0741                      l988 0738  
                    l998 0745                      _RB0 0030                      _RB1 0031  
                    _RB2 0032                      u300 06EA                      u301 06E9  
                    u320 06FC                      u400 0689                      u321 06FB  
                    u401 0688                      u315 06EE                      u340 070D  
                    u420 069B                      u260 05AE                      u341 070C  
                    u421 069A                      u245 05FC                      u261 05AD  
                    u430 06A5                      u270 05E5                      _PR2 0092  
                    u335 06FD                      u431 06A4                      u415 068D  
                    u255 0621                      u271 05E4                      u360 0721  
                    u280 06CE                      u361 0720                      u345 0709  
                    u281 06CD                      u370 0726                      u290 06D9  
                    u450 06B8                      u371 0725                      u355 0715  
                    u291 06D8                      u451 06B7                      u435 06A1  
                    u507 0595                      u460 06BD                      u380 0673  
                    u461 06BC                      u445 06AC                      u381 0672  
                    u390 067E                      u391 067D                      u477 0639  
                    u487 064B                      u497 05A2                      fsr0 0004  
           ___awmod@sign 0076              lcd_gotoxy@x 0074              lcd_gotoxy@y 0073  
                   l1000 0746                     l1010 0781                     l1002 0747  
                   l1012 07A2                     l1004 076E                     l1014 07C3  
                   l1006 0773                     l1016 07E4                     l1008 077B  
                   STR_1 0009                     _TMR2 0011                     _main 0730  
                   btemp 007E                     start 0000                    ?_main 0070  
                  _CCP1X 00BD                    _CCP1Y 00BC          __end_of___awdiv 0730  
        __end_of___awmod 06C7          ___awdiv@divisor 0077                    _T2CON 0012  
        ___awdiv@counter 0020                    _PORTB 0006                    _PORTC 0007  
                  _TRISB 0086                    _TRISC 0087          __end_of_lcd_sil 05A8  
        __end_of_lcd_yaz 05E6                    _bekle 0593                    pclath 000A  
                  status 0003                    wtemp0 007E          __initialization 07FC  
           __end_of_main 07FC                   ??_main 0024                   ?_bekle 0070  
                 _CCPR1L 0015         ___awdiv@dividend 0079     __size_of_lcd_hazirla 003E  
              ??___awdiv 007B                ??___awmod 0074         ___awdiv@quotient 0022  
        ___awmod@divisor 0070          ___awmod@counter 0075                ??_lcd_sil 0073  
              ??_lcd_yaz 0073  __end_of__initialization 07FC           __pcstackCOMMON 0070  
          __end_of_bekle 0598       __size_of_lcd_komut 0025                  ??_bekle 0070  
             __pmaintext 0730                  _CCP1CON 0017               _lcd_gotoxy 05A8  
             __stringtab 0003        __end_of_lcd_komut 060B                  ___awdiv 06C7  
                ___awmod 066E                  __ptext1 05C2                  __ptext2 060B  
                __ptext3 0630                  __ptext4 0598                  __ptext5 05A8  
                __ptext6 05E6                  __ptext7 0593                  __ptext8 066E  
                __ptext9 06C7                  _lcd_sil 0598                  _lcd_yaz 05C2  
       ___awmod@dividend 0072     end_of_initialization 07FC               _veri_yolla 060B  
            ?_lcd_gotoxy 0073               lcd_komut@c 0072            ??_lcd_hazirla 0075  
            veri_yolla@c 0072      start_initialization 07FC      __size_of_lcd_gotoxy 001A  
    __end_of_lcd_hazirla 066E              ?_veri_yolla 0070                ___latbits 0002  
          __pcstackBANK0 0020                 ?___awdiv 0077                 ?___awmod 0070  
              _lcd_komut 05E6                __pstrings 0003                 ?_lcd_sil 0070  
               ?_lcd_yaz 0070           __size_of_bekle 0005              _lcd_hazirla 0630  
    __size_of_veri_yolla 0025               ?_lcd_komut 0070              __stringbase 0008  
              main@deger 007C             ??_lcd_gotoxy 0074       __end_of_lcd_gotoxy 05C2  
       __size_of___awdiv 0069         __size_of___awmod 0059       __end_of__stringtab 0009  
       __size_of_lcd_sil 0010         __size_of_lcd_yaz 0024            __size_of_main 00CC  
               lcd_yaz@s 0074              ??_lcd_komut 0071             ??_veri_yolla 0071  
              stringcode 0003       __end_of_veri_yolla 0630                 stringdir 0003  
               stringtab 0003             ?_lcd_hazirla 0070  
