

Microchip MPLAB XC8 Assembler V2.32 build 20210201212658 
                                                                                               Tue Nov 09 01:14:17 2021

Microchip MPLAB XC8 C Compiler v2.32 (Free license) build 20210201212658 Og1 
     1                           	processor	16F877A
     2                           	pagewidth 120
     3                           	opt	flic
     4                           	psect	cinit,global,class=CODE,merge=1,delta=2
     5                           	psect	cstackCOMMON,global,class=COMMON,space=1,delta=1,noexec
     6                           	psect	maintext,global,class=CODE,split=1,delta=2
     7                           	psect	text1,local,class=CODE,merge=1,delta=2
     8                           	psect	config,global,abs,ovrld,class=CONFIG,space=4,delta=2,noexec
     9                           	dabs	1,0x7E,2
    10  0000                     
    11                           ; Version 2.20
    12                           ; Generated 12/02/2020 GMT
    13                           ; 
    14                           ; Copyright © 2020, Microchip Technology Inc. and its subsidiaries ("Microchip")
    15                           ; All rights reserved.
    16                           ; 
    17                           ; This software is developed by Microchip Technology Inc. and its subsidiaries ("Microch
      +                          ip").
    18                           ; 
    19                           ; Redistribution and use in source and binary forms, with or without modification, are
    20                           ; permitted provided that the following conditions are met:
    21                           ; 
    22                           ;     1. Redistributions of source code must retain the above copyright notice, this lis
      +                          t of
    23                           ;        conditions and the following disclaimer.
    24                           ; 
    25                           ;     2. Redistributions in binary form must reproduce the above copyright notice, this 
      +                          list
    26                           ;        of conditions and the following disclaimer in the documentation and/or other
    27                           ;        materials provided with the distribution.
    28                           ; 
    29                           ;     3. Microchip's name may not be used to endorse or promote products derived from th
      +                          is
    30                           ;        software without specific prior written permission.
    31                           ; 
    32                           ; THIS SOFTWARE IS PROVIDED BY MICROCHIP "AS IS" AND ANY EXPRESS OR IMPLIED WARRANTIES,
    33                           ; INCLUDING, BUT NOT LIMITED TO, THE IMPLIED WARRANTIES OF MERCHANTABILITY AND FITNESS F
      +                          OR
    34                           ; PURPOSE ARE DISCLAIMED.  IN NO EVENT SHALL MICROCHIP BE LIABLE FOR ANY DIRECT, INDIREC
      +                          T,
    35                           ; INCIDENTAL, SPECIAL, EXEMPLARY, OR CONSEQUENTIAL DAMAGES (INCLUDING BUT NOT LIMITED TO
    36                           ; PROCUREMENT OF SUBSTITUTE GOODS OR SERVICES; LOSS OF USE, DATA OR PROFITS; OR BUSINESS
    37                           ; INTERRUPTION) HOWSOEVER CAUSED AND ON ANY THEORY OF LIABILITY, WHETHER IN CONTRACT, ST
      +                          RICT
    38                           ; LIABILITY, OR TORT (INCLUDING NEGLIGENCE OR OTHERWISE) ARISING IN ANY WAY OUT OF THE U
      +                          SE OF
    39                           ; THIS SOFTWARE, EVEN IF ADVISED OF THE POSSIBILITY OF SUCH DAMAGE.
    40                           ; 
    41                           ; 
    42                           ; Code-generator required, PIC16F877A Definitions
    43                           ; 
    44                           ; SFR Addresses
    45  0000                     	;# 
    46  0001                     	;# 
    47  0002                     	;# 
    48  0003                     	;# 
    49  0004                     	;# 
    50  0005                     	;# 
    51  0006                     	;# 
    52  0007                     	;# 
    53  0008                     	;# 
    54  0009                     	;# 
    55  000A                     	;# 
    56  000B                     	;# 
    57  000C                     	;# 
    58  000D                     	;# 
    59  000E                     	;# 
    60  000E                     	;# 
    61  000F                     	;# 
    62  0010                     	;# 
    63  0011                     	;# 
    64  0012                     	;# 
    65  0013                     	;# 
    66  0014                     	;# 
    67  0015                     	;# 
    68  0015                     	;# 
    69  0016                     	;# 
    70  0017                     	;# 
    71  0018                     	;# 
    72  0019                     	;# 
    73  001A                     	;# 
    74  001B                     	;# 
    75  001B                     	;# 
    76  001C                     	;# 
    77  001D                     	;# 
    78  001E                     	;# 
    79  001F                     	;# 
    80  0081                     	;# 
    81  0085                     	;# 
    82  0086                     	;# 
    83  0087                     	;# 
    84  0088                     	;# 
    85  0089                     	;# 
    86  008C                     	;# 
    87  008D                     	;# 
    88  008E                     	;# 
    89  0091                     	;# 
    90  0092                     	;# 
    91  0093                     	;# 
    92  0094                     	;# 
    93  0098                     	;# 
    94  0099                     	;# 
    95  009C                     	;# 
    96  009D                     	;# 
    97  009E                     	;# 
    98  009F                     	;# 
    99  010C                     	;# 
   100  010D                     	;# 
   101  010E                     	;# 
   102  010F                     	;# 
   103  018C                     	;# 
   104  018D                     	;# 
   105  0000                     	;# 
   106  0001                     	;# 
   107  0002                     	;# 
   108  0003                     	;# 
   109  0004                     	;# 
   110  0005                     	;# 
   111  0006                     	;# 
   112  0007                     	;# 
   113  0008                     	;# 
   114  0009                     	;# 
   115  000A                     	;# 
   116  000B                     	;# 
   117  000C                     	;# 
   118  000D                     	;# 
   119  000E                     	;# 
   120  000E                     	;# 
   121  000F                     	;# 
   122  0010                     	;# 
   123  0011                     	;# 
   124  0012                     	;# 
   125  0013                     	;# 
   126  0014                     	;# 
   127  0015                     	;# 
   128  0015                     	;# 
   129  0016                     	;# 
   130  0017                     	;# 
   131  0018                     	;# 
   132  0019                     	;# 
   133  001A                     	;# 
   134  001B                     	;# 
   135  001B                     	;# 
   136  001C                     	;# 
   137  001D                     	;# 
   138  001E                     	;# 
   139  001F                     	;# 
   140  0081                     	;# 
   141  0085                     	;# 
   142  0086                     	;# 
   143  0087                     	;# 
   144  0088                     	;# 
   145  0089                     	;# 
   146  008C                     	;# 
   147  008D                     	;# 
   148  008E                     	;# 
   149  0091                     	;# 
   150  0092                     	;# 
   151  0093                     	;# 
   152  0094                     	;# 
   153  0098                     	;# 
   154  0099                     	;# 
   155  009C                     	;# 
   156  009D                     	;# 
   157  009E                     	;# 
   158  009F                     	;# 
   159  010C                     	;# 
   160  010D                     	;# 
   161  010E                     	;# 
   162  010F                     	;# 
   163  018C                     	;# 
   164  018D                     	;# 
   165  0000                     	;# 
   166  0001                     	;# 
   167  0002                     	;# 
   168  0003                     	;# 
   169  0004                     	;# 
   170  0005                     	;# 
   171  0006                     	;# 
   172  0007                     	;# 
   173  0008                     	;# 
   174  0009                     	;# 
   175  000A                     	;# 
   176  000B                     	;# 
   177  000C                     	;# 
   178  000D                     	;# 
   179  000E                     	;# 
   180  000E                     	;# 
   181  000F                     	;# 
   182  0010                     	;# 
   183  0011                     	;# 
   184  0012                     	;# 
   185  0013                     	;# 
   186  0014                     	;# 
   187  0015                     	;# 
   188  0015                     	;# 
   189  0016                     	;# 
   190  0017                     	;# 
   191  0018                     	;# 
   192  0019                     	;# 
   193  001A                     	;# 
   194  001B                     	;# 
   195  001B                     	;# 
   196  001C                     	;# 
   197  001D                     	;# 
   198  001E                     	;# 
   199  001F                     	;# 
   200  0081                     	;# 
   201  0085                     	;# 
   202  0086                     	;# 
   203  0087                     	;# 
   204  0088                     	;# 
   205  0089                     	;# 
   206  008C                     	;# 
   207  008D                     	;# 
   208  008E                     	;# 
   209  0091                     	;# 
   210  0092                     	;# 
   211  0093                     	;# 
   212  0094                     	;# 
   213  0098                     	;# 
   214  0099                     	;# 
   215  009C                     	;# 
   216  009D                     	;# 
   217  009E                     	;# 
   218  009F                     	;# 
   219  010C                     	;# 
   220  010D                     	;# 
   221  010E                     	;# 
   222  010F                     	;# 
   223  018C                     	;# 
   224  018D                     	;# 
   225  0006                     _PORTBbits	set	6
   226  0008                     _PORTD	set	8
   227  0006                     _PORTB	set	6
   228  0088                     _TRISD	set	136
   229  0086                     _TRISB	set	134
   230  009C                     _CMCON	set	156
   231                           
   232                           	psect	cinit
   233  07FC                     start_initialization:	
   234                           ; #config settings
   235                           
   236  07FC                     __initialization:
   237  07FC                     end_of_initialization:	
   238                           ;End of C runtime variable initialization code
   239                           
   240  07FC                     __end_of__initialization:
   241  07FC  0183               	clrf	3
   242  07FD  120A  118A  2EFB   	ljmp	_main	;jump to C main() function
   243                           
   244                           	psect	cstackCOMMON
   245  0070                     __pcstackCOMMON:
   246  0070                     ?_keypad:
   247  0070                     ??_keypad:	
   248                           ; 1 bytes @ 0x0
   249                           
   250  0070                     ?_main:	
   251                           ; 1 bytes @ 0x0
   252                           
   253                           
   254                           ; 2 bytes @ 0x0
   255  0070                     	ds	2
   256  0072                     keypad@key:
   257                           
   258                           ; 1 bytes @ 0x2
   259  0072                     	ds	1
   260  0073                     ??_main:
   261                           
   262                           	psect	maintext
   263  06FB                     __pmaintext:	
   264                           ; 1 bytes @ 0x3
   265 ;;
   266 ;;Main: autosize = 0, tempsize = 0, incstack = 0, save=0
   267 ;;
   268 ;; *************** function _main *****************
   269 ;; Defined at:
   270 ;;		line 15 in file "Keypad-Led.c"
   271 ;; Parameters:    Size  Location     Type
   272 ;;		None
   273 ;; Auto vars:     Size  Location     Type
   274 ;;		None
   275 ;; Return value:  Size  Location     Type
   276 ;;                  2   16[None  ] int 
   277 ;; Registers used:
   278 ;;		wreg, status,2, pclath, cstack
   279 ;; Tracked objects:
   280 ;;		On entry : B00/0
   281 ;;		On exit  : 0/0
   282 ;;		Unchanged: 0/0
   283 ;; Data sizes:     COMMON   BANK0   BANK1   BANK3   BANK2
   284 ;;      Params:         0       0       0       0       0
   285 ;;      Locals:         0       0       0       0       0
   286 ;;      Temps:          0       0       0       0       0
   287 ;;      Totals:         0       0       0       0       0
   288 ;;Total ram usage:        0 bytes
   289 ;; Hardware stack levels required when called: 1
   290 ;; This function calls:
   291 ;;		_keypad
   292 ;; This function is called by:
   293 ;;		Startup code after reset
   294 ;; This function uses a non-reentrant model
   295 ;;
   296                           
   297                           
   298                           ;psect for function _main
   299  06FB                     _main:
   300  06FB                     l695:	
   301                           ;incstack = 0
   302                           ; Regs used in _main: [wreg+status,2+pclath+cstack]
   303                           
   304                           
   305                           ;Keypad-Led.c: 17:     CMCON = 0x07;
   306  06FB  3007               	movlw	7
   307  06FC  1683               	bsf	3,5	;RP0=1, select bank1
   308  06FD  1303               	bcf	3,6	;RP1=0, select bank1
   309  06FE  009C               	movwf	28	;volatile
   310                           
   311                           ;Keypad-Led.c: 18:     TRISB = 0xF8;
   312  06FF  30F8               	movlw	248
   313  0700  0086               	movwf	6	;volatile
   314  0701                     l697:
   315                           
   316                           ;Keypad-Led.c: 19:     TRISD = 0x00;
   317  0701  0188               	clrf	8	;volatile
   318  0702                     l699:
   319                           
   320                           ;Keypad-Led.c: 20:     PORTB = 0x00;
   321  0702  1283               	bcf	3,5	;RP0=0, select bank0
   322  0703  1303               	bcf	3,6	;RP1=0, select bank0
   323  0704  0186               	clrf	6	;volatile
   324                           
   325                           ;Keypad-Led.c: 21:     PORTD = 0xFF;
   326  0705  30FF               	movlw	255
   327  0706  0088               	movwf	8	;volatile
   328  0707                     l701:
   329                           
   330                           ;Keypad-Led.c: 25:         PORTD = keypad();
   331  0707  120A  118A  2713  120A  118A  	fcall	_keypad
   332  070C  1283               	bcf	3,5	;RP0=0, select bank0
   333  070D  1303               	bcf	3,6	;RP1=0, select bank0
   334  070E  0088               	movwf	8	;volatile
   335  070F  2F07               	goto	l701
   336  0710  120A  118A  2800   	ljmp	start
   337  0713                     __end_of_main:
   338                           
   339                           	psect	text1
   340  0713                     __ptext1:	
   341 ;; *************** function _keypad *****************
   342 ;; Defined at:
   343 ;;		line 5 in file "keypad.c"
   344 ;; Parameters:    Size  Location     Type
   345 ;;		None
   346 ;; Auto vars:     Size  Location     Type
   347 ;;  key             1    2[COMMON] unsigned char 
   348 ;; Return value:  Size  Location     Type
   349 ;;                  1    wreg      unsigned char 
   350 ;; Registers used:
   351 ;;		wreg, status,2
   352 ;; Tracked objects:
   353 ;;		On entry : 0/0
   354 ;;		On exit  : 0/0
   355 ;;		Unchanged: 0/0
   356 ;; Data sizes:     COMMON   BANK0   BANK1   BANK3   BANK2
   357 ;;      Params:         0       0       0       0       0
   358 ;;      Locals:         1       0       0       0       0
   359 ;;      Temps:          2       0       0       0       0
   360 ;;      Totals:         3       0       0       0       0
   361 ;;Total ram usage:        3 bytes
   362 ;; Hardware stack levels used: 1
   363 ;; This function calls:
   364 ;;		Nothing
   365 ;; This function is called by:
   366 ;;		_main
   367 ;; This function uses a non-reentrant model
   368 ;;
   369                           
   370                           
   371                           ;psect for function _keypad
   372  0713                     _keypad:
   373  0713                     l631:	
   374                           ;incstack = 0
   375                           ; Regs used in _keypad: [wreg+status,2]
   376                           
   377                           
   378                           ;keypad.c: 7:     unsigned char key;;keypad.c: 9:     PORTBbits.RB0 = 1;
   379  0713  1283               	bcf	3,5	;RP0=0, select bank0
   380  0714  1303               	bcf	3,6	;RP1=0, select bank0
   381  0715  1406               	bsf	6,0	;volatile
   382                           
   383                           ;keypad.c: 10:     if(PORTBbits.RB3 == 1) {_delay((unsigned long)((20)*(4000000/4000.0))
      +                          ); key = 1;}
   384  0716  1D86               	btfss	6,3	;volatile
   385  0717  2F19               	goto	u11
   386  0718  2F1A               	goto	u10
   387  0719                     u11:
   388  0719  2F25               	goto	l637
   389  071A                     u10:
   390  071A                     l633:
   391  071A  301A               	movlw	26
   392  071B  00F1               	movwf	??_keypad+1
   393  071C  30F8               	movlw	248
   394  071D  00F0               	movwf	??_keypad
   395  071E                     u137:
   396  071E  0BF0               	decfsz	??_keypad,f
   397  071F  2F1E               	goto	u137
   398  0720  0BF1               	decfsz	??_keypad+1,f
   399  0721  2F1E               	goto	u137
   400  0722  0000               	nop
   401  0723                     l635:
   402  0723  01F2               	clrf	keypad@key
   403  0724  0AF2               	incf	keypad@key,f
   404  0725                     l637:
   405                           
   406                           ;keypad.c: 11:     if(PORTBbits.RB4 == 1) {_delay((unsigned long)((20)*(4000000/4000.0))
      +                          ); key = 4;}
   407  0725  1283               	bcf	3,5	;RP0=0, select bank0
   408  0726  1303               	bcf	3,6	;RP1=0, select bank0
   409  0727  1E06               	btfss	6,4	;volatile
   410  0728  2F2A               	goto	u21
   411  0729  2F2B               	goto	u20
   412  072A                     u21:
   413  072A  2F38               	goto	l641
   414  072B                     u20:
   415  072B                     l639:
   416  072B  301A               	movlw	26
   417  072C  00F1               	movwf	??_keypad+1
   418  072D  30F8               	movlw	248
   419  072E  00F0               	movwf	??_keypad
   420  072F                     u147:
   421  072F  0BF0               	decfsz	??_keypad,f
   422  0730  2F2F               	goto	u147
   423  0731  0BF1               	decfsz	??_keypad+1,f
   424  0732  2F2F               	goto	u147
   425  0733  0000               	nop
   426  0734  3004               	movlw	4
   427  0735  00F0               	movwf	??_keypad
   428  0736  0870               	movf	??_keypad,w
   429  0737  00F2               	movwf	keypad@key
   430  0738                     l641:
   431                           
   432                           ;keypad.c: 12:     if(PORTBbits.RB5 == 1) {_delay((unsigned long)((20)*(4000000/4000.0))
      +                          ); key = 7;}
   433  0738  1283               	bcf	3,5	;RP0=0, select bank0
   434  0739  1303               	bcf	3,6	;RP1=0, select bank0
   435  073A  1E86               	btfss	6,5	;volatile
   436  073B  2F3D               	goto	u31
   437  073C  2F3E               	goto	u30
   438  073D                     u31:
   439  073D  2F4B               	goto	l645
   440  073E                     u30:
   441  073E                     l643:
   442  073E  301A               	movlw	26
   443  073F  00F1               	movwf	??_keypad+1
   444  0740  30F8               	movlw	248
   445  0741  00F0               	movwf	??_keypad
   446  0742                     u157:
   447  0742  0BF0               	decfsz	??_keypad,f
   448  0743  2F42               	goto	u157
   449  0744  0BF1               	decfsz	??_keypad+1,f
   450  0745  2F42               	goto	u157
   451  0746  0000               	nop
   452  0747  3007               	movlw	7
   453  0748  00F0               	movwf	??_keypad
   454  0749  0870               	movf	??_keypad,w
   455  074A  00F2               	movwf	keypad@key
   456  074B                     l645:
   457                           
   458                           ;keypad.c: 13:     if(PORTBbits.RB6 == 1) {_delay((unsigned long)((20)*(4000000/4000.0))
      +                          ); key = 15;}
   459  074B  1283               	bcf	3,5	;RP0=0, select bank0
   460  074C  1303               	bcf	3,6	;RP1=0, select bank0
   461  074D  1F06               	btfss	6,6	;volatile
   462  074E  2F50               	goto	u41
   463  074F  2F51               	goto	u40
   464  0750                     u41:
   465  0750  2F5E               	goto	l649
   466  0751                     u40:
   467  0751                     l647:
   468  0751  301A               	movlw	26
   469  0752  00F1               	movwf	??_keypad+1
   470  0753  30F8               	movlw	248
   471  0754  00F0               	movwf	??_keypad
   472  0755                     u167:
   473  0755  0BF0               	decfsz	??_keypad,f
   474  0756  2F55               	goto	u167
   475  0757  0BF1               	decfsz	??_keypad+1,f
   476  0758  2F55               	goto	u167
   477  0759  0000               	nop
   478  075A  300F               	movlw	15
   479  075B  00F0               	movwf	??_keypad
   480  075C  0870               	movf	??_keypad,w
   481  075D  00F2               	movwf	keypad@key
   482  075E                     l649:
   483                           
   484                           ;keypad.c: 14:     PORTBbits.RB0 = 0;
   485  075E  1283               	bcf	3,5	;RP0=0, select bank0
   486  075F  1303               	bcf	3,6	;RP1=0, select bank0
   487  0760  1006               	bcf	6,0	;volatile
   488  0761                     l651:
   489                           
   490                           ;keypad.c: 16:     PORTBbits.RB1 = 1;
   491  0761  1486               	bsf	6,1	;volatile
   492  0762                     l653:
   493                           
   494                           ;keypad.c: 17:     if(PORTBbits.RB3 == 1) {_delay((unsigned long)((20)*(4000000/4000.0))
      +                          ); key = 2;}
   495  0762  1D86               	btfss	6,3	;volatile
   496  0763  2F65               	goto	u51
   497  0764  2F66               	goto	u50
   498  0765                     u51:
   499  0765  2F73               	goto	l657
   500  0766                     u50:
   501  0766                     l655:
   502  0766  301A               	movlw	26
   503  0767  00F1               	movwf	??_keypad+1
   504  0768  30F8               	movlw	248
   505  0769  00F0               	movwf	??_keypad
   506  076A                     u177:
   507  076A  0BF0               	decfsz	??_keypad,f
   508  076B  2F6A               	goto	u177
   509  076C  0BF1               	decfsz	??_keypad+1,f
   510  076D  2F6A               	goto	u177
   511  076E  0000               	nop
   512  076F  3002               	movlw	2
   513  0770  00F0               	movwf	??_keypad
   514  0771  0870               	movf	??_keypad,w
   515  0772  00F2               	movwf	keypad@key
   516  0773                     l657:
   517                           
   518                           ;keypad.c: 18:     if(PORTBbits.RB4 == 1) {_delay((unsigned long)((20)*(4000000/4000.0))
      +                          ); key = 5;}
   519  0773  1283               	bcf	3,5	;RP0=0, select bank0
   520  0774  1303               	bcf	3,6	;RP1=0, select bank0
   521  0775  1E06               	btfss	6,4	;volatile
   522  0776  2F78               	goto	u61
   523  0777  2F79               	goto	u60
   524  0778                     u61:
   525  0778  2F86               	goto	l661
   526  0779                     u60:
   527  0779                     l659:
   528  0779  301A               	movlw	26
   529  077A  00F1               	movwf	??_keypad+1
   530  077B  30F8               	movlw	248
   531  077C  00F0               	movwf	??_keypad
   532  077D                     u187:
   533  077D  0BF0               	decfsz	??_keypad,f
   534  077E  2F7D               	goto	u187
   535  077F  0BF1               	decfsz	??_keypad+1,f
   536  0780  2F7D               	goto	u187
   537  0781  0000               	nop
   538  0782  3005               	movlw	5
   539  0783  00F0               	movwf	??_keypad
   540  0784  0870               	movf	??_keypad,w
   541  0785  00F2               	movwf	keypad@key
   542  0786                     l661:
   543                           
   544                           ;keypad.c: 19:     if(PORTBbits.RB5 == 1) {_delay((unsigned long)((20)*(4000000/4000.0))
      +                          ); key = 8;}
   545  0786  1283               	bcf	3,5	;RP0=0, select bank0
   546  0787  1303               	bcf	3,6	;RP1=0, select bank0
   547  0788  1E86               	btfss	6,5	;volatile
   548  0789  2F8B               	goto	u71
   549  078A  2F8C               	goto	u70
   550  078B                     u71:
   551  078B  2F99               	goto	l665
   552  078C                     u70:
   553  078C                     l663:
   554  078C  301A               	movlw	26
   555  078D  00F1               	movwf	??_keypad+1
   556  078E  30F8               	movlw	248
   557  078F  00F0               	movwf	??_keypad
   558  0790                     u197:
   559  0790  0BF0               	decfsz	??_keypad,f
   560  0791  2F90               	goto	u197
   561  0792  0BF1               	decfsz	??_keypad+1,f
   562  0793  2F90               	goto	u197
   563  0794  0000               	nop
   564  0795  3008               	movlw	8
   565  0796  00F0               	movwf	??_keypad
   566  0797  0870               	movf	??_keypad,w
   567  0798  00F2               	movwf	keypad@key
   568  0799                     l665:
   569                           
   570                           ;keypad.c: 20:     if(PORTBbits.RB6 == 1) {_delay((unsigned long)((20)*(4000000/4000.0))
      +                          ); key = 0;}
   571  0799  1283               	bcf	3,5	;RP0=0, select bank0
   572  079A  1303               	bcf	3,6	;RP1=0, select bank0
   573  079B  1F06               	btfss	6,6	;volatile
   574  079C  2F9E               	goto	u81
   575  079D  2F9F               	goto	u80
   576  079E                     u81:
   577  079E  2FA9               	goto	l671
   578  079F                     u80:
   579  079F                     l667:
   580  079F  301A               	movlw	26
   581  07A0  00F1               	movwf	??_keypad+1
   582  07A1  30F8               	movlw	248
   583  07A2  00F0               	movwf	??_keypad
   584  07A3                     u207:
   585  07A3  0BF0               	decfsz	??_keypad,f
   586  07A4  2FA3               	goto	u207
   587  07A5  0BF1               	decfsz	??_keypad+1,f
   588  07A6  2FA3               	goto	u207
   589  07A7  0000               	nop
   590  07A8                     l669:
   591  07A8  01F2               	clrf	keypad@key
   592  07A9                     l671:
   593                           
   594                           ;keypad.c: 21:     PORTBbits.RB1 = 0;
   595  07A9  1283               	bcf	3,5	;RP0=0, select bank0
   596  07AA  1303               	bcf	3,6	;RP1=0, select bank0
   597  07AB  1086               	bcf	6,1	;volatile
   598  07AC                     l673:
   599                           
   600                           ;keypad.c: 23:     PORTBbits.RB2 = 1;
   601  07AC  1506               	bsf	6,2	;volatile
   602  07AD                     l675:
   603                           
   604                           ;keypad.c: 24:     if(PORTBbits.RB3 == 1) {_delay((unsigned long)((20)*(4000000/4000.0))
      +                          ); key = 3;}
   605  07AD  1D86               	btfss	6,3	;volatile
   606  07AE  2FB0               	goto	u91
   607  07AF  2FB1               	goto	u90
   608  07B0                     u91:
   609  07B0  2FBE               	goto	l679
   610  07B1                     u90:
   611  07B1                     l677:
   612  07B1  301A               	movlw	26
   613  07B2  00F1               	movwf	??_keypad+1
   614  07B3  30F8               	movlw	248
   615  07B4  00F0               	movwf	??_keypad
   616  07B5                     u217:
   617  07B5  0BF0               	decfsz	??_keypad,f
   618  07B6  2FB5               	goto	u217
   619  07B7  0BF1               	decfsz	??_keypad+1,f
   620  07B8  2FB5               	goto	u217
   621  07B9  0000               	nop
   622  07BA  3003               	movlw	3
   623  07BB  00F0               	movwf	??_keypad
   624  07BC  0870               	movf	??_keypad,w
   625  07BD  00F2               	movwf	keypad@key
   626  07BE                     l679:
   627                           
   628                           ;keypad.c: 25:     if(PORTBbits.RB4 == 1) {_delay((unsigned long)((20)*(4000000/4000.0))
      +                          ); key = 6;}
   629  07BE  1283               	bcf	3,5	;RP0=0, select bank0
   630  07BF  1303               	bcf	3,6	;RP1=0, select bank0
   631  07C0  1E06               	btfss	6,4	;volatile
   632  07C1  2FC3               	goto	u101
   633  07C2  2FC4               	goto	u100
   634  07C3                     u101:
   635  07C3  2FD1               	goto	l683
   636  07C4                     u100:
   637  07C4                     l681:
   638  07C4  301A               	movlw	26
   639  07C5  00F1               	movwf	??_keypad+1
   640  07C6  30F8               	movlw	248
   641  07C7  00F0               	movwf	??_keypad
   642  07C8                     u227:
   643  07C8  0BF0               	decfsz	??_keypad,f
   644  07C9  2FC8               	goto	u227
   645  07CA  0BF1               	decfsz	??_keypad+1,f
   646  07CB  2FC8               	goto	u227
   647  07CC  0000               	nop
   648  07CD  3006               	movlw	6
   649  07CE  00F0               	movwf	??_keypad
   650  07CF  0870               	movf	??_keypad,w
   651  07D0  00F2               	movwf	keypad@key
   652  07D1                     l683:
   653                           
   654                           ;keypad.c: 26:     if(PORTBbits.RB5 == 1) {_delay((unsigned long)((20)*(4000000/4000.0))
      +                          ); key = 9;}
   655  07D1  1283               	bcf	3,5	;RP0=0, select bank0
   656  07D2  1303               	bcf	3,6	;RP1=0, select bank0
   657  07D3  1E86               	btfss	6,5	;volatile
   658  07D4  2FD6               	goto	u111
   659  07D5  2FD7               	goto	u110
   660  07D6                     u111:
   661  07D6  2FE4               	goto	l687
   662  07D7                     u110:
   663  07D7                     l685:
   664  07D7  301A               	movlw	26
   665  07D8  00F1               	movwf	??_keypad+1
   666  07D9  30F8               	movlw	248
   667  07DA  00F0               	movwf	??_keypad
   668  07DB                     u237:
   669  07DB  0BF0               	decfsz	??_keypad,f
   670  07DC  2FDB               	goto	u237
   671  07DD  0BF1               	decfsz	??_keypad+1,f
   672  07DE  2FDB               	goto	u237
   673  07DF  0000               	nop
   674  07E0  3009               	movlw	9
   675  07E1  00F0               	movwf	??_keypad
   676  07E2  0870               	movf	??_keypad,w
   677  07E3  00F2               	movwf	keypad@key
   678  07E4                     l687:
   679                           
   680                           ;keypad.c: 27:     if(PORTBbits.RB6 == 1) {_delay((unsigned long)((20)*(4000000/4000.0))
      +                          ); key = 255;}
   681  07E4  1283               	bcf	3,5	;RP0=0, select bank0
   682  07E5  1303               	bcf	3,6	;RP1=0, select bank0
   683  07E6  1F06               	btfss	6,6	;volatile
   684  07E7  2FE9               	goto	u121
   685  07E8  2FEA               	goto	u120
   686  07E9                     u121:
   687  07E9  2FF7               	goto	l691
   688  07EA                     u120:
   689  07EA                     l689:
   690  07EA  301A               	movlw	26
   691  07EB  00F1               	movwf	??_keypad+1
   692  07EC  30F8               	movlw	248
   693  07ED  00F0               	movwf	??_keypad
   694  07EE                     u247:
   695  07EE  0BF0               	decfsz	??_keypad,f
   696  07EF  2FEE               	goto	u247
   697  07F0  0BF1               	decfsz	??_keypad+1,f
   698  07F1  2FEE               	goto	u247
   699  07F2  0000               	nop
   700  07F3  30FF               	movlw	255
   701  07F4  00F0               	movwf	??_keypad
   702  07F5  0870               	movf	??_keypad,w
   703  07F6  00F2               	movwf	keypad@key
   704  07F7                     l691:
   705                           
   706                           ;keypad.c: 28:     PORTBbits.RB2 = 0;
   707  07F7  1283               	bcf	3,5	;RP0=0, select bank0
   708  07F8  1303               	bcf	3,6	;RP1=0, select bank0
   709  07F9  1106               	bcf	6,2	;volatile
   710                           
   711                           ;keypad.c: 30:     return key;
   712  07FA  0872               	movf	keypad@key,w
   713  07FB                     l39:
   714  07FB  0008               	return
   715  07FC                     __end_of_keypad:
   716  007E                     btemp	set	126	;btemp
   717  007E                     wtemp0	set	126
   718                           
   719                           	psect	config
   720                           
   721                           ;Config register CONFIG @ 0x2007
   722                           ;	Oscillator Selection bits
   723                           ;	FOSC = XT, XT oscillator
   724                           ;	Watchdog Timer Enable bit
   725                           ;	WDTE = OFF, WDT disabled
   726                           ;	Power-up Timer Enable bit
   727                           ;	PWRTE = OFF, PWRT disabled
   728                           ;	Brown-out Reset Enable bit
   729                           ;	BOREN = OFF, BOR disabled
   730                           ;	Low-Voltage (Single-Supply) In-Circuit Serial Programming Enable bit
   731                           ;	LVP = OFF, RB3 is digital I/O, HV on MCLR must be used for programming
   732                           ;	Data EEPROM Memory Code Protection bit
   733                           ;	CPD = OFF, Data EEPROM code protection off
   734                           ;	Flash Program Memory Write Enable bits
   735                           ;	WRT = OFF, Write protection off; all program memory may be written to by EECON control
   736                           ;	In-Circuit Debugger Mode bit
   737                           ;	DEBUG = 0x1, unprogrammed default
   738                           ;	Flash Program Memory Code Protection bit
   739                           ;	CP = OFF, Code protection off
   740  2007                     	org	8199
   741  2007  3F39               	dw	16185

Data Sizes:
    Strings     0
    Constant    0
    Data        0
    BSS         0
    Persistent  0
    Stack       0

Auto Spaces:
    Space          Size  Autos    Used
    COMMON           14      3       3
    BANK0            80      0       0
    BANK1            80      0       0
    BANK3            96      0       0
    BANK2            96      0       0

Pointer List with Targets:

    None.

Critical Paths under _main in COMMON

    _main->_keypad

Critical Paths under _main in BANK0

    None.

Critical Paths under _main in BANK1

    None.

Critical Paths under _main in BANK3

    None.

Critical Paths under _main in BANK2

    None.

Call Graph Tables:

 ---------------------------------------------------------------------------------
 (Depth) Function   	        Calls       Base Space   Used Autos Params    Refs
 ---------------------------------------------------------------------------------
 (0) _main                                                 0     0      0      15
                             _keypad
 ---------------------------------------------------------------------------------
 (1) _keypad                                               3     3      0      15
                                              0 COMMON     3     3      0
 ---------------------------------------------------------------------------------
 Estimated maximum stack depth 1
 ---------------------------------------------------------------------------------

 Call Graph Graphs:

 _main (ROOT)
   _keypad

 Address spaces:
Name               Size   Autos  Total    Cost      Usage
BITCOMMON            E      0       0       0        0.0%
EEDATA             100      0       0       0        0.0%
NULL                 0      0       0       0        0.0%
CODE                 0      0       0       0        0.0%
COMMON               E      3       3       1       21.4%
BITSFR0              0      0       0       1        0.0%
SFR0                 0      0       0       1        0.0%
BITSFR1              0      0       0       2        0.0%
SFR1                 0      0       0       2        0.0%
STACK                0      0       0       2        0.0%
ABS                  0      0       0       3        0.0%
BITBANK0            50      0       0       4        0.0%
BITSFR3              0      0       0       4        0.0%
SFR3                 0      0       0       4        0.0%
BANK0               50      0       0       5        0.0%
BITSFR2              0      0       0       5        0.0%
SFR2                 0      0       0       5        0.0%
BITBANK1            50      0       0       6        0.0%
BANK1               50      0       0       7        0.0%
BITBANK3            60      0       0       8        0.0%
BANK3               60      0       0       9        0.0%
BITBANK2            60      0       0      10        0.0%
BANK2               60      0       0      11        0.0%
DATA                 0      0       0      12        0.0%


Microchip Technology PIC Macro Assembler V2.32 build 20210201212658 
Symbol Table                                                                                   Tue Nov 09 01:14:17 2021

                     l39 07FB                       u10 071A                       u11 0719  
                     u20 072B                       u21 072A                       u30 073E  
                     u31 073D                       u40 0751                       u41 0750  
                     u50 0766                       u51 0765                       u60 0779  
                     u61 0778                       u70 078C                       u71 078B  
                     u80 079F                       u81 079E                       u90 07B1  
                     u91 07B0                      l701 0707                      l631 0713  
                    l641 0738                      l633 071A                      l651 0761  
                    l643 073E                      l635 0723                      l661 0786  
                    l653 0762                      l645 074B                      l637 0725  
                    l671 07A9                      l663 078C                      l655 0766  
                    l647 0751                      l639 072B                      l681 07C4  
                    l673 07AC                      l665 0799                      l657 0773  
                    l649 075E                      l691 07F7                      l683 07D1  
                    l675 07AD                      l667 079F                      l659 0779  
                    l685 07D7                      l677 07B1                      l669 07A8  
                    l687 07E4                      l679 07BE                      l695 06FB  
                    l689 07EA                      l697 0701                      l699 0702  
                    u100 07C4                      u101 07C3                      u110 07D7  
                    u111 07D6                      u120 07EA                      u121 07E9  
                    u207 07A3                      u217 07B5                      u137 071E  
                    u227 07C8                      u147 072F                      u237 07DB  
                    u157 0742                      u247 07EE                      u167 0755  
                    u177 076A                      u187 077D                      u197 0790  
                   _main 06FB                     btemp 007E                     start 0000  
                  ?_main 0070                    _CMCON 009C                    _PORTB 0006  
                  _PORTD 0008                    _TRISB 0086                    _TRISD 0088  
                  status 0003                    wtemp0 007E          __initialization 07FC  
           __end_of_main 0713                   ??_main 0073                   _keypad 0713  
__end_of__initialization 07FC           __pcstackCOMMON 0070               __pmaintext 06FB  
                ?_keypad 0070          __size_of_keypad 00E9                  __ptext1 0713  
   end_of_initialization 07FC                _PORTBbits 0006           __end_of_keypad 07FC  
    start_initialization 07FC                 ??_keypad 0070                ___latbits 0002  
              keypad@key 0072            __size_of_main 0018  
